Using pre-set license
Built from '2021.3/staging' branch; Version is '2021.3.5f1 (40eb3a945986) revision 4254522'; Using compiler version '192829333'; Build Type 'Release'
OS: 'Windows 11  (10.0.22000) 64bit CoreSingleLanguage' Language: 'pt' Physical Memory: 8101 MB
BatchMode: 1, IsHumanControllingUs: 0, StartBugReporterOnCrash: 0, Is64bit: 1, IsPro: 1

COMMAND LINE ARGUMENTS:
C:\Program Files\Unity\Hub\Editor\2021.3.5f1\Editor\Unity.exe
-adb2
-batchMode
-noUpm
-name
AssetImportWorker3
-projectPath
D:/Documents/Mateus/Sem07/CG/Pong
-logFile
Logs/AssetImportWorker3.log
-srvPort
57883
Successfully changed project path to: D:/Documents/Mateus/Sem07/CG/Pong
D:/Documents/Mateus/Sem07/CG/Pong
[UnityMemory] Configuration Parameters - Can be set up in boot.config
    "memorysetup-bucket-allocator-granularity=16"
    "memorysetup-bucket-allocator-bucket-count=8"
    "memorysetup-bucket-allocator-block-size=33554432"
    "memorysetup-bucket-allocator-block-count=8"
    "memorysetup-main-allocator-block-size=16777216"
    "memorysetup-thread-allocator-block-size=16777216"
    "memorysetup-gfx-main-allocator-block-size=16777216"
    "memorysetup-gfx-thread-allocator-block-size=16777216"
    "memorysetup-cache-allocator-block-size=4194304"
    "memorysetup-typetree-allocator-block-size=2097152"
    "memorysetup-profiler-bucket-allocator-granularity=16"
    "memorysetup-profiler-bucket-allocator-bucket-count=8"
    "memorysetup-profiler-bucket-allocator-block-size=33554432"
    "memorysetup-profiler-bucket-allocator-block-count=8"
    "memorysetup-profiler-allocator-block-size=16777216"
    "memorysetup-profiler-editor-allocator-block-size=1048576"
    "memorysetup-temp-allocator-size-main=16777216"
    "memorysetup-job-temp-allocator-block-size=2097152"
    "memorysetup-job-temp-allocator-block-size-background=1048576"
    "memorysetup-job-temp-allocator-reduction-small-platforms=262144"
    "memorysetup-temp-allocator-size-background-worker=32768"
    "memorysetup-temp-allocator-size-job-worker=262144"
    "memorysetup-temp-allocator-size-preload-manager=33554432"
    "memorysetup-temp-allocator-size-nav-mesh-worker=65536"
    "memorysetup-temp-allocator-size-audio-worker=65536"
    "memorysetup-temp-allocator-size-cloud-worker=32768"
    "memorysetup-temp-allocator-size-gi-baking-worker=262144"
    "memorysetup-temp-allocator-size-gfx=262144"
Refreshing native plugins compatible for Editor in 89.96 ms, found 3 plugins.
Preloading 0 native plugins for Editor in 0.00 ms.
Initialize engine version: 2021.3.5f1 (40eb3a945986)
[Subsystems] Discovering subsystems at path C:/Program Files/Unity/Hub/Editor/2021.3.5f1/Editor/Data/Resources/UnitySubsystems
[Subsystems] Discovering subsystems at path D:/Documents/Mateus/Sem07/CG/Pong/Assets
GfxDevice: creating device client; threaded=0; jobified=0
Direct3D:
    Version:  Direct3D 11.0 [level 11.1]
    Renderer: NVIDIA GeForce MX150 (ID=0x1d10)
    Vendor:   NVIDIA
    VRAM:     1983 MB
    Driver:   30.0.15.1215
Initialize mono
Mono path[0] = 'C:/Program Files/Unity/Hub/Editor/2021.3.5f1/Editor/Data/Managed'
Mono path[1] = 'C:/Program Files/Unity/Hub/Editor/2021.3.5f1/Editor/Data/MonoBleedingEdge/lib/mono/unityjit-win32'
Mono config path = 'C:/Program Files/Unity/Hub/Editor/2021.3.5f1/Editor/Data/MonoBleedingEdge/etc'
Using monoOptions --debugger-agent=transport=dt_socket,embedding=1,server=y,suspend=n,address=127.0.0.1:56032
Begin MonoManager ReloadAssembly
Registering precompiled unity dll's ...
Register platform support module: C:/Program Files/Unity/Hub/Editor/2021.3.5f1/Editor/Data/PlaybackEngines/WebGLSupport/UnityEditor.WebGL.Extensions.dll
Register platform support module: C:/Program Files/Unity/Hub/Editor/2021.3.5f1/Editor/Data/PlaybackEngines/WindowsStandaloneSupport/UnityEditor.WindowsStandalone.Extensions.dll
Registered in 0.006904 seconds.
Native extension for WindowsStandalone target not found
Native extension for WebGL target not found
Refreshing native plugins compatible for Editor in 93.81 ms, found 3 plugins.
Preloading 0 native plugins for Editor in 0.00 ms.
Mono: successfully reloaded assembly
- Completed reload, in  0.945 seconds
Domain Reload Profiling:
	ReloadAssembly (947ms)
		BeginReloadAssembly (97ms)
			ExecutionOrderSort (0ms)
			DisableScriptedObjects (0ms)
			BackupInstance (0ms)
			ReleaseScriptingObjects (0ms)
			CreateAndSetChildDomain (1ms)
		EndReloadAssembly (630ms)
			LoadAssemblies (94ms)
			RebuildTransferFunctionScriptingTraits (0ms)
			SetupTypeCache (236ms)
			ReleaseScriptCaches (0ms)
			RebuildScriptCaches (36ms)
			SetupLoadedEditorAssemblies (297ms)
				LogAssemblyErrors (0ms)
				InitializePlatformSupportModulesInManaged (10ms)
				SetLoadedEditorAssemblies (0ms)
				RefreshPlugins (94ms)
				BeforeProcessingInitializeOnLoad (1ms)
				ProcessInitializeOnLoadAttributes (133ms)
				ProcessInitializeOnLoadMethodAttributes (58ms)
				AfterProcessingInitializeOnLoad (0ms)
				EditorAssembliesLoaded (0ms)
			ExecutionOrderSort2 (0ms)
			AwakeInstancesAfterBackupRestoration (0ms)
Platform modules already initialized, skipping
Registering precompiled user dll's ...
Registered in 0.005472 seconds.
Begin MonoManager ReloadAssembly
Native extension for WindowsStandalone target not found
Native extension for WebGL target not found
Refreshing native plugins compatible for Editor in 0.55 ms, found 3 plugins.
Preloading 0 native plugins for Editor in 0.00 ms.
Mono: successfully reloaded assembly
- Completed reload, in  3.357 seconds
Domain Reload Profiling:
	ReloadAssembly (3358ms)
		BeginReloadAssembly (127ms)
			ExecutionOrderSort (0ms)
			DisableScriptedObjects (8ms)
			BackupInstance (0ms)
			ReleaseScriptingObjects (0ms)
			CreateAndSetChildDomain (22ms)
		EndReloadAssembly (2643ms)
			LoadAssemblies (1827ms)
			RebuildTransferFunctionScriptingTraits (0ms)
			SetupTypeCache (317ms)
			ReleaseScriptCaches (1ms)
			RebuildScriptCaches (52ms)
			SetupLoadedEditorAssemblies (393ms)
				LogAssemblyErrors (0ms)
				InitializePlatformSupportModulesInManaged (8ms)
				SetLoadedEditorAssemblies (1ms)
				RefreshPlugins (1ms)
				BeforeProcessingInitializeOnLoad (92ms)
				ProcessInitializeOnLoadAttributes (231ms)
				ProcessInitializeOnLoadMethodAttributes (51ms)
				AfterProcessingInitializeOnLoad (9ms)
				EditorAssembliesLoaded (0ms)
			ExecutionOrderSort2 (0ms)
			AwakeInstancesAfterBackupRestoration (12ms)
Platform modules already initialized, skipping
========================================================================
Worker process is ready to serve import requests
Launched and connected shader compiler UnityShaderCompiler.exe after 0.10 seconds
Refreshing native plugins compatible for Editor in 1.33 ms, found 3 plugins.
Preloading 0 native plugins for Editor in 0.00 ms.
Unloading 3373 Unused Serialized files (Serialized files now loaded: 0)
Unloading 27 unused Assets / (111.8 KB). Loaded Objects now: 3833.
Memory consumption went from 117.4 MB to 117.3 MB.
Total: 5.570300 ms (FindLiveObjects: 0.418900 ms CreateObjectMapping: 0.376800 ms MarkObjects: 4.553900 ms  DeleteObjects: 0.218900 ms)

AssetImportParameters requested are different than current active one (requested -> active):
  custom:video-decoder-ogg-theora: a1e56fd34408186e4bbccfd4996cb3dc -> 
  custom:container-muxer-webm: aa71ff27fc2769a1b78a27578f13a17b -> 
  custom:container-demuxer-webm: 4f35f7cbe854078d1ac9338744f61a02 -> 
  custom:video-encoder-webm-vp8: eb34c28f22e8b96e1ab97ce403110664 -> 
  custom:video-codec-MediaFoundation-h265: 746d11721c4dcdbdad8f713fa42b33f4 -> 
  custom:audio-encoder-webm-vorbis: bf7c407c2cedff20999df2af8eb42d56 -> 
  custom:framework-win-MediaFoundation: 216162199b28c13a410421893ffa2e32 -> 
  custom:container-demuxer-ogg: 62fdf1f143b41e24485cea50d1cbac27 -> 
  custom:video-decoder-webm-vp8: 9c59270c3fd7afecdb556c50c9e8de78 -> 
  custom:audio-decoder-ogg-vorbis: bf7c407c2cedff20999df2af8eb42d56 -> 
========================================================================
Received Prepare
Registering precompiled user dll's ...
Registered in 0.016485 seconds.
Begin MonoManager ReloadAssembly
Native extension for WindowsStandalone target not found
Native extension for WebGL target not found
Refreshing native plugins compatible for Editor in 1.20 ms, found 3 plugins.
Preloading 0 native plugins for Editor in 0.00 ms.
Mono: successfully reloaded assembly
- Completed reload, in  7.543 seconds
Domain Reload Profiling:
	ReloadAssembly (7549ms)
		BeginReloadAssembly (2281ms)
			ExecutionOrderSort (0ms)
			DisableScriptedObjects (108ms)
			BackupInstance (0ms)
			ReleaseScriptingObjects (0ms)
			CreateAndSetChildDomain (982ms)
		EndReloadAssembly (4650ms)
			LoadAssemblies (2564ms)
			RebuildTransferFunctionScriptingTraits (0ms)
			SetupTypeCache (1094ms)
			ReleaseScriptCaches (5ms)
			RebuildScriptCaches (125ms)
			SetupLoadedEditorAssemblies (1043ms)
				LogAssemblyErrors (0ms)
				InitializePlatformSupportModulesInManaged (43ms)
				SetLoadedEditorAssemblies (2ms)
				RefreshPlugins (1ms)
				BeforeProcessingInitializeOnLoad (196ms)
				ProcessInitializeOnLoadAttributes (691ms)
				ProcessInitializeOnLoadMethodAttributes (87ms)
				AfterProcessingInitializeOnLoad (22ms)
				EditorAssembliesLoaded (1ms)
			ExecutionOrderSort2 (0ms)
			AwakeInstancesAfterBackupRestoration (34ms)
Platform modules already initialized, skipping
Refreshing native plugins compatible for Editor in 81.29 ms, found 3 plugins.
Preloading 0 native plugins for Editor in 0.00 ms.
Unloading 3368 Unused Serialized files (Serialized files now loaded: 0)
Unloading 21 unused Assets / (102.8 KB). Loaded Objects now: 3836.
Memory consumption went from 117.4 MB to 117.3 MB.
Total: 12.333600 ms (FindLiveObjects: 0.511500 ms CreateObjectMapping: 0.956500 ms MarkObjects: 10.576200 ms  DeleteObjects: 0.286700 ms)

AssetImportParameters requested are different than current active one (requested -> active):
  custom:video-decoder-ogg-theora: a1e56fd34408186e4bbccfd4996cb3dc -> 
  custom:container-muxer-webm: aa71ff27fc2769a1b78a27578f13a17b -> 
  custom:container-demuxer-webm: 4f35f7cbe854078d1ac9338744f61a02 -> 
  custom:video-encoder-webm-vp8: eb34c28f22e8b96e1ab97ce403110664 -> 
  custom:video-codec-MediaFoundation-h265: 746d11721c4dcdbdad8f713fa42b33f4 -> 
  custom:audio-encoder-webm-vorbis: bf7c407c2cedff20999df2af8eb42d56 -> 
  custom:framework-win-MediaFoundation: 216162199b28c13a410421893ffa2e32 -> 
  custom:container-demuxer-ogg: 62fdf1f143b41e24485cea50d1cbac27 -> 
  custom:video-decoder-webm-vp8: 9c59270c3fd7afecdb556c50c9e8de78 -> 
  custom:audio-decoder-ogg-vorbis: bf7c407c2cedff20999df2af8eb42d56 -> 
========================================================================
Received Import Request.
  Time since last request: 1055437.501977 seconds.
  path: Assets/ArenaGround.mat
  artifactKey: Guid(c366afdd8cbd0514287add3fe30b3ddb) Importer(815301076,1909f56bfc062723c751e8b465ee728b)
Start importing Assets/ArenaGround.mat using Guid(c366afdd8cbd0514287add3fe30b3ddb) Importer(815301076,1909f56bfc062723c751e8b465ee728b)  -> (artifact id: 'c6864c21b5752a022aecb99ca80826c1') in 0.734804 seconds 
========================================================================
Received Import Request.
  Time since last request: 0.000068 seconds.
  path: Assets/Ball.mat
  artifactKey: Guid(482ef0f55f54cf448a7e2c282ddc2c3e) Importer(815301076,1909f56bfc062723c751e8b465ee728b)
Start importing Assets/Ball.mat using Guid(482ef0f55f54cf448a7e2c282ddc2c3e) Importer(815301076,1909f56bfc062723c751e8b465ee728b)  -> (artifact id: '5fc78400e1baa0fc4abe461ea0724d7b') in 0.022703 seconds 
========================================================================
Received Import Request.
  Time since last request: 203.174023 seconds.
  path: Assets/ArenaGround.mat
  artifactKey: Guid(c366afdd8cbd0514287add3fe30b3ddb) Importer(815301076,1909f56bfc062723c751e8b465ee728b)
Start importing Assets/ArenaGround.mat using Guid(c366afdd8cbd0514287add3fe30b3ddb) Importer(815301076,1909f56bfc062723c751e8b465ee728b) Shader error in 'Unlit/Tracer': undeclared identifier '_WorldSpaceLightPos1' at line 127 (on d3d11)

Compiling Subshader: 0, Pass: <Unnamed Pass 1>, Vertex program with POINT
Platform defines: SHADER_API_DESKTOP UNITY_COLORSPACE_GAMMA UNITY_ENABLE_DETAIL_NORMALMAP UNITY_ENABLE_REFLECTION_BUFFERS UNITY_LIGHTMAP_FULL_HDR UNITY_LIGHT_PROBE_PROXY_VOLUME UNITY_PBS_USE_BRDF1 UNITY_SPECCUBE_BLENDING UNITY_SPECCUBE_BOX_PROJECTION UNITY_USE_DITHER_MASK_FOR_ALPHABLENDED_SHADOWS
Disabled keywords: DIRECTIONAL DIRECTIONAL_COOKIE LIGHTMAP_SHADOW_MIXING POINT_COOKIE SHADER_API_GLES30 SHADOWS_CUBE SHADOWS_DEPTH SHADOWS_SCREEN SHADOWS_SHADOWMASK SHADOWS_SOFT SPOT UNITY_ASTC_NORMALMAP_ENCODING UNITY_ENABLE_NATIVE_SHADOW_LOOKUPS UNITY_FRAMEBUFFER_FETCH_AVAILABLE UNITY_HALF_PRECISION_FRAGMENT_SHADER_REGISTERS UNITY_HARDWARE_TIER1 UNITY_HARDWARE_TIER2 UNITY_HARDWARE_TIER3 UNITY_LIGHTMAP_DLDR_ENCODING UNITY_LIGHTMAP_RGBM_ENCODING UNITY_METAL_SHADOWS_USE_POINT_FILTERING UNITY_NO_DXT5nm UNITY_NO_FULL_STANDARD_SHADER UNITY_NO_SCREENSPACE_SHADOWS UNITY_PBS_USE_BRDF2 UNITY_PBS_USE_BRDF3 UNITY_PRETRANSFORM_TO_DISPLAY_ORIENTATION UNITY_UNIFIED_SHADER_PRECISION_MODEL UNITY_VIRTUAL_TEXTURING
Shader warning in 'Unlit/Tracer': Output value 'vert' is not completely initialized at line 43 (on d3d11)

Compiling Subshader: 0, Pass: <Unnamed Pass 0>, Vertex program with POINT
Platform defines: SHADER_API_DESKTOP UNITY_COLORSPACE_GAMMA UNITY_ENABLE_DETAIL_NORMALMAP UNITY_ENABLE_REFLECTION_BUFFERS UNITY_LIGHTMAP_FULL_HDR UNITY_LIGHT_PROBE_PROXY_VOLUME UNITY_PBS_USE_BRDF1 UNITY_SPECCUBE_BLENDING UNITY_SPECCUBE_BOX_PROJECTION UNITY_USE_DITHER_MASK_FOR_ALPHABLENDED_SHADOWS
Disabled keywords: DIRECTIONAL DIRECTIONAL_COOKIE LIGHTMAP_SHADOW_MIXING POINT_COOKIE SHADER_API_GLES30 SHADOWS_CUBE SHADOWS_DEPTH SHADOWS_SCREEN SHADOWS_SHADOWMASK SHADOWS_SOFT SPOT UNITY_ASTC_NORMALMAP_ENCODING UNITY_ENABLE_NATIVE_SHADOW_LOOKUPS UNITY_FRAMEBUFFER_FETCH_AVAILABLE UNITY_HALF_PRECISION_FRAGMENT_SHADER_REGISTERS UNITY_HARDWARE_TIER1 UNITY_HARDWARE_TIER2 UNITY_HARDWARE_TIER3 UNITY_LIGHTMAP_DLDR_ENCODING UNITY_LIGHTMAP_RGBM_ENCODING UNITY_METAL_SHADOWS_USE_POINT_FILTERING UNITY_NO_DXT5nm UNITY_NO_FULL_STANDARD_SHADER UNITY_NO_SCREENSPACE_SHADOWS UNITY_PBS_USE_BRDF2 UNITY_PBS_USE_BRDF3 UNITY_PRETRANSFORM_TO_DISPLAY_ORIENTATION UNITY_UNIFIED_SHADER_PRECISION_MODEL UNITY_VIRTUAL_TEXTURING
Shader error in 'Unlit/Tracer': undeclared identifier '_WorldSpaceLightPos1' at line 127 (on d3d11)

Compiling Subshader: 0, Pass: <Unnamed Pass 1>, Vertex program with POINT
Platform defines: SHADER_API_DESKTOP UNITY_COLORSPACE_GAMMA UNITY_ENABLE_DETAIL_NORMALMAP UNITY_ENABLE_REFLECTION_BUFFERS UNITY_LIGHTMAP_FULL_HDR UNITY_LIGHT_PROBE_PROXY_VOLUME UNITY_PBS_USE_BRDF1 UNITY_SPECCUBE_BLENDING UNITY_SPECCUBE_BOX_PROJECTION UNITY_USE_DITHER_MASK_FOR_ALPHABLENDED_SHADOWS
Disabled keywords: DIRECTIONAL DIRECTIONAL_COOKIE LIGHTMAP_SHADOW_MIXING POINT_COOKIE SHADER_API_GLES30 SHADOWS_CUBE SHADOWS_DEPTH SHADOWS_SCREEN SHADOWS_SHADOWMASK SHADOWS_SOFT SPOT UNITY_ASTC_NORMALMAP_ENCODING UNITY_ENABLE_NATIVE_SHADOW_LOOKUPS UNITY_FRAMEBUFFER_FETCH_AVAILABLE UNITY_HALF_PRECISION_FRAGMENT_SHADER_REGISTERS UNITY_HARDWARE_TIER1 UNITY_HARDWARE_TIER2 UNITY_HARDWARE_TIER3 UNITY_LIGHTMAP_DLDR_ENCODING UNITY_LIGHTMAP_RGBM_ENCODING UNITY_METAL_SHADOWS_USE_POINT_FILTERING UNITY_NO_DXT5nm UNITY_NO_FULL_STANDARD_SHADER UNITY_NO_SCREENSPACE_SHADOWS UNITY_PBS_USE_BRDF2 UNITY_PBS_USE_BRDF3 UNITY_PRETRANSFORM_TO_DISPLAY_ORIENTATION UNITY_UNIFIED_SHADER_PRECISION_MODEL UNITY_VIRTUAL_TEXTURING
Shader warning in 'Unlit/Tracer': Output value 'vert' is not completely initialized at line 43 (on d3d11)

Compiling Subshader: 0, Pass: <Unnamed Pass 0>, Vertex program with POINT
Platform defines: SHADER_API_DESKTOP UNITY_COLORSPACE_GAMMA UNITY_ENABLE_DETAIL_NORMALMAP UNITY_ENABLE_REFLECTION_BUFFERS UNITY_LIGHTMAP_FULL_HDR UNITY_LIGHT_PROBE_PROXY_VOLUME UNITY_PBS_USE_BRDF1 UNITY_SPECCUBE_BLENDING UNITY_SPECCUBE_BOX_PROJECTION UNITY_USE_DITHER_MASK_FOR_ALPHABLENDED_SHADOWS
Disabled keywords: DIRECTIONAL DIRECTIONAL_COOKIE LIGHTMAP_SHADOW_MIXING POINT_COOKIE SHADER_API_GLES30 SHADOWS_CUBE SHADOWS_DEPTH SHADOWS_SCREEN SHADOWS_SHADOWMASK SHADOWS_SOFT SPOT UNITY_ASTC_NORMALMAP_ENCODING UNITY_ENABLE_NATIVE_SHADOW_LOOKUPS UNITY_FRAMEBUFFER_FETCH_AVAILABLE UNITY_HALF_PRECISION_FRAGMENT_SHADER_REGISTERS UNITY_HARDWARE_TIER1 UNITY_HARDWARE_TIER2 UNITY_HARDWARE_TIER3 UNITY_LIGHTMAP_DLDR_ENCODING UNITY_LIGHTMAP_RGBM_ENCODING UNITY_METAL_SHADOWS_USE_POINT_FILTERING UNITY_NO_DXT5nm UNITY_NO_FULL_STANDARD_SHADER UNITY_NO_SCREENSPACE_SHADOWS UNITY_PBS_USE_BRDF2 UNITY_PBS_USE_BRDF3 UNITY_PRETRANSFORM_TO_DISPLAY_ORIENTATION UNITY_UNIFIED_SHADER_PRECISION_MODEL UNITY_VIRTUAL_TEXTURING
 -> (artifact id: '939f901da8c1c0016f73f5aac36fbc48') in 0.146526 seconds 
========================================================================
Received Import Request.
  Time since last request: 0.000029 seconds.
  path: Assets/PlayerRight.mat
  artifactKey: Guid(5af6a85c15f8db141b4849411f3f66b2) Importer(815301076,1909f56bfc062723c751e8b465ee728b)
Start importing Assets/PlayerRight.mat using Guid(5af6a85c15f8db141b4849411f3f66b2) Importer(815301076,1909f56bfc062723c751e8b465ee728b) Shader error in 'Unlit/Tracer': undeclared identifier '_WorldSpaceLightPos1' at line 127 (on d3d11)

Compiling Subshader: 0, Pass: <Unnamed Pass 1>, Vertex program with POINT
Platform defines: SHADER_API_DESKTOP UNITY_COLORSPACE_GAMMA UNITY_ENABLE_DETAIL_NORMALMAP UNITY_ENABLE_REFLECTION_BUFFERS UNITY_LIGHTMAP_FULL_HDR UNITY_LIGHT_PROBE_PROXY_VOLUME UNITY_PBS_USE_BRDF1 UNITY_SPECCUBE_BLENDING UNITY_SPECCUBE_BOX_PROJECTION UNITY_USE_DITHER_MASK_FOR_ALPHABLENDED_SHADOWS
Disabled keywords: DIRECTIONAL DIRECTIONAL_COOKIE LIGHTMAP_SHADOW_MIXING POINT_COOKIE SHADER_API_GLES30 SHADOWS_CUBE SHADOWS_DEPTH SHADOWS_SCREEN SHADOWS_SHADOWMASK SHADOWS_SOFT SPOT UNITY_ASTC_NORMALMAP_ENCODING UNITY_ENABLE_NATIVE_SHADOW_LOOKUPS UNITY_FRAMEBUFFER_FETCH_AVAILABLE UNITY_HALF_PRECISION_FRAGMENT_SHADER_REGISTERS UNITY_HARDWARE_TIER1 UNITY_HARDWARE_TIER2 UNITY_HARDWARE_TIER3 UNITY_LIGHTMAP_DLDR_ENCODING UNITY_LIGHTMAP_RGBM_ENCODING UNITY_METAL_SHADOWS_USE_POINT_FILTERING UNITY_NO_DXT5nm UNITY_NO_FULL_STANDARD_SHADER UNITY_NO_SCREENSPACE_SHADOWS UNITY_PBS_USE_BRDF2 UNITY_PBS_USE_BRDF3 UNITY_PRETRANSFORM_TO_DISPLAY_ORIENTATION UNITY_UNIFIED_SHADER_PRECISION_MODEL UNITY_VIRTUAL_TEXTURING
Shader warning in 'Unlit/Tracer': Output value 'vert' is not completely initialized at line 43 (on d3d11)

Compiling Subshader: 0, Pass: <Unnamed Pass 0>, Vertex program with POINT
Platform defines: SHADER_API_DESKTOP UNITY_COLORSPACE_GAMMA UNITY_ENABLE_DETAIL_NORMALMAP UNITY_ENABLE_REFLECTION_BUFFERS UNITY_LIGHTMAP_FULL_HDR UNITY_LIGHT_PROBE_PROXY_VOLUME UNITY_PBS_USE_BRDF1 UNITY_SPECCUBE_BLENDING UNITY_SPECCUBE_BOX_PROJECTION UNITY_USE_DITHER_MASK_FOR_ALPHABLENDED_SHADOWS
Disabled keywords: DIRECTIONAL DIRECTIONAL_COOKIE LIGHTMAP_SHADOW_MIXING POINT_COOKIE SHADER_API_GLES30 SHADOWS_CUBE SHADOWS_DEPTH SHADOWS_SCREEN SHADOWS_SHADOWMASK SHADOWS_SOFT SPOT UNITY_ASTC_NORMALMAP_ENCODING UNITY_ENABLE_NATIVE_SHADOW_LOOKUPS UNITY_FRAMEBUFFER_FETCH_AVAILABLE UNITY_HALF_PRECISION_FRAGMENT_SHADER_REGISTERS UNITY_HARDWARE_TIER1 UNITY_HARDWARE_TIER2 UNITY_HARDWARE_TIER3 UNITY_LIGHTMAP_DLDR_ENCODING UNITY_LIGHTMAP_RGBM_ENCODING UNITY_METAL_SHADOWS_USE_POINT_FILTERING UNITY_NO_DXT5nm UNITY_NO_FULL_STANDARD_SHADER UNITY_NO_SCREENSPACE_SHADOWS UNITY_PBS_USE_BRDF2 UNITY_PBS_USE_BRDF3 UNITY_PRETRANSFORM_TO_DISPLAY_ORIENTATION UNITY_UNIFIED_SHADER_PRECISION_MODEL UNITY_VIRTUAL_TEXTURING
Shader error in 'Unlit/Tracer': undeclared identifier '_WorldSpaceLightPos1' at line 127 (on d3d11)

Compiling Subshader: 0, Pass: <Unnamed Pass 1>, Vertex program with POINT
Platform defines: SHADER_API_DESKTOP UNITY_COLORSPACE_GAMMA UNITY_ENABLE_DETAIL_NORMALMAP UNITY_ENABLE_REFLECTION_BUFFERS UNITY_LIGHTMAP_FULL_HDR UNITY_LIGHT_PROBE_PROXY_VOLUME UNITY_PBS_USE_BRDF1 UNITY_SPECCUBE_BLENDING UNITY_SPECCUBE_BOX_PROJECTION UNITY_USE_DITHER_MASK_FOR_ALPHABLENDED_SHADOWS
Disabled keywords: DIRECTIONAL DIRECTIONAL_COOKIE LIGHTMAP_SHADOW_MIXING POINT_COOKIE SHADER_API_GLES30 SHADOWS_CUBE SHADOWS_DEPTH SHADOWS_SCREEN SHADOWS_SHADOWMASK SHADOWS_SOFT SPOT UNITY_ASTC_NORMALMAP_ENCODING UNITY_ENABLE_NATIVE_SHADOW_LOOKUPS UNITY_FRAMEBUFFER_FETCH_AVAILABLE UNITY_HALF_PRECISION_FRAGMENT_SHADER_REGISTERS UNITY_HARDWARE_TIER1 UNITY_HARDWARE_TIER2 UNITY_HARDWARE_TIER3 UNITY_LIGHTMAP_DLDR_ENCODING UNITY_LIGHTMAP_RGBM_ENCODING UNITY_METAL_SHADOWS_USE_POINT_FILTERING UNITY_NO_DXT5nm UNITY_NO_FULL_STANDARD_SHADER UNITY_NO_SCREENSPACE_SHADOWS UNITY_PBS_USE_BRDF2 UNITY_PBS_USE_BRDF3 UNITY_PRETRANSFORM_TO_DISPLAY_ORIENTATION UNITY_UNIFIED_SHADER_PRECISION_MODEL UNITY_VIRTUAL_TEXTURING
Shader warning in 'Unlit/Tracer': Output value 'vert' is not completely initialized at line 43 (on d3d11)

Compiling Subshader: 0, Pass: <Unnamed Pass 0>, Vertex program with POINT
Platform defines: SHADER_API_DESKTOP UNITY_COLORSPACE_GAMMA UNITY_ENABLE_DETAIL_NORMALMAP UNITY_ENABLE_REFLECTION_BUFFERS UNITY_LIGHTMAP_FULL_HDR UNITY_LIGHT_PROBE_PROXY_VOLUME UNITY_PBS_USE_BRDF1 UNITY_SPECCUBE_BLENDING UNITY_SPECCUBE_BOX_PROJECTION UNITY_USE_DITHER_MASK_FOR_ALPHABLENDED_SHADOWS
Disabled keywords: DIRECTIONAL DIRECTIONAL_COOKIE LIGHTMAP_SHADOW_MIXING POINT_COOKIE SHADER_API_GLES30 SHADOWS_CUBE SHADOWS_DEPTH SHADOWS_SCREEN SHADOWS_SHADOWMASK SHADOWS_SOFT SPOT UNITY_ASTC_NORMALMAP_ENCODING UNITY_ENABLE_NATIVE_SHADOW_LOOKUPS UNITY_FRAMEBUFFER_FETCH_AVAILABLE UNITY_HALF_PRECISION_FRAGMENT_SHADER_REGISTERS UNITY_HARDWARE_TIER1 UNITY_HARDWARE_TIER2 UNITY_HARDWARE_TIER3 UNITY_LIGHTMAP_DLDR_ENCODING UNITY_LIGHTMAP_RGBM_ENCODING UNITY_METAL_SHADOWS_USE_POINT_FILTERING UNITY_NO_DXT5nm UNITY_NO_FULL_STANDARD_SHADER UNITY_NO_SCREENSPACE_SHADOWS UNITY_PBS_USE_BRDF2 UNITY_PBS_USE_BRDF3 UNITY_PRETRANSFORM_TO_DISPLAY_ORIENTATION UNITY_UNIFIED_SHADER_PRECISION_MODEL UNITY_VIRTUAL_TEXTURING
 -> (artifact id: '3e8ec1c4e147ca8c87cc05386ed50fe1') in 0.018954 seconds 
========================================================================
Received Import Request.
  Time since last request: 77.473851 seconds.
  path: Assets/ArenaGround.mat
  artifactKey: Guid(c366afdd8cbd0514287add3fe30b3ddb) Importer(815301076,1909f56bfc062723c751e8b465ee728b)
Start importing Assets/ArenaGround.mat using Guid(c366afdd8cbd0514287add3fe30b3ddb) Importer(815301076,1909f56bfc062723c751e8b465ee728b)  -> (artifact id: '4f3e4c7290c1d74c9723156ca930a6f3') in 0.039384 seconds 
========================================================================
Received Import Request.
  Time since last request: 0.000066 seconds.
  path: Assets/PlayerLeft.mat
  artifactKey: Guid(d5b9cb6caf48b9949aa77e68440f6b84) Importer(815301076,1909f56bfc062723c751e8b465ee728b)
Start importing Assets/PlayerLeft.mat using Guid(d5b9cb6caf48b9949aa77e68440f6b84) Importer(815301076,1909f56bfc062723c751e8b465ee728b)  -> (artifact id: 'd8c1ab888b0751ba8c7318ebc27025e8') in 0.024736 seconds 
========================================================================
Received Import Request.
  Time since last request: 172.314802 seconds.
  path: Assets/ArenaGround.mat
  artifactKey: Guid(c366afdd8cbd0514287add3fe30b3ddb) Importer(815301076,1909f56bfc062723c751e8b465ee728b)
Start importing Assets/ArenaGround.mat using Guid(c366afdd8cbd0514287add3fe30b3ddb) Importer(815301076,1909f56bfc062723c751e8b465ee728b)  -> (artifact id: '22b46e3071f6384a69d26ccf4683ace6') in 0.053053 seconds 
========================================================================
Received Import Request.
  Time since last request: 0.000048 seconds.
  path: Assets/PlayerLeft.mat
  artifactKey: Guid(d5b9cb6caf48b9949aa77e68440f6b84) Importer(815301076,1909f56bfc062723c751e8b465ee728b)
Start importing Assets/PlayerLeft.mat using Guid(d5b9cb6caf48b9949aa77e68440f6b84) Importer(815301076,1909f56bfc062723c751e8b465ee728b)  -> (artifact id: 'aa94b9fdef05f280f800740843734304') in 0.024906 seconds 
========================================================================
Received Import Request.
  Time since last request: 104.184274 seconds.
  path: Assets/ArenaGround.mat
  artifactKey: Guid(c366afdd8cbd0514287add3fe30b3ddb) Importer(815301076,1909f56bfc062723c751e8b465ee728b)
Start importing Assets/ArenaGround.mat using Guid(c366afdd8cbd0514287add3fe30b3ddb) Importer(815301076,1909f56bfc062723c751e8b465ee728b)  -> (artifact id: 'f8a3724cce7d47e7c30b728b8b3ec986') in 0.122767 seconds 
========================================================================
Received Import Request.
  Time since last request: 0.000044 seconds.
  path: Assets/PlayerLeft.mat
  artifactKey: Guid(d5b9cb6caf48b9949aa77e68440f6b84) Importer(815301076,1909f56bfc062723c751e8b465ee728b)
Start importing Assets/PlayerLeft.mat using Guid(d5b9cb6caf48b9949aa77e68440f6b84) Importer(815301076,1909f56bfc062723c751e8b465ee728b)  -> (artifact id: '52e44482793aaf6677846c1799daca32') in 0.039581 seconds 
========================================================================
Received Import Request.
  Time since last request: 43.417809 seconds.
  path: Assets/ArenaGround.mat
  artifactKey: Guid(c366afdd8cbd0514287add3fe30b3ddb) Importer(815301076,1909f56bfc062723c751e8b465ee728b)
Start importing Assets/ArenaGround.mat using Guid(c366afdd8cbd0514287add3fe30b3ddb) Importer(815301076,1909f56bfc062723c751e8b465ee728b)  -> (artifact id: '634043662e18824d8d63230f650ae580') in 0.104628 seconds 
========================================================================
Received Import Request.
  Time since last request: 0.000046 seconds.
  path: Assets/PlayerLeft.mat
  artifactKey: Guid(d5b9cb6caf48b9949aa77e68440f6b84) Importer(815301076,1909f56bfc062723c751e8b465ee728b)
Start importing Assets/PlayerLeft.mat using Guid(d5b9cb6caf48b9949aa77e68440f6b84) Importer(815301076,1909f56bfc062723c751e8b465ee728b)  -> (artifact id: 'a8ee0a8cdab796d0a3f3cc801990a9ce') in 0.033760 seconds 
========================================================================
Received Import Request.
  Time since last request: 21.643442 seconds.
  path: Assets/ArenaGround.mat
  artifactKey: Guid(c366afdd8cbd0514287add3fe30b3ddb) Importer(815301076,1909f56bfc062723c751e8b465ee728b)
Start importing Assets/ArenaGround.mat using Guid(c366afdd8cbd0514287add3fe30b3ddb) Importer(815301076,1909f56bfc062723c751e8b465ee728b)  -> (artifact id: '699821b6a09abca258336f48b182bad8') in 0.140516 seconds 
========================================================================
Received Import Request.
  Time since last request: 0.000039 seconds.
  path: Assets/PlayerRight.mat
  artifactKey: Guid(5af6a85c15f8db141b4849411f3f66b2) Importer(815301076,1909f56bfc062723c751e8b465ee728b)
Start importing Assets/PlayerRight.mat using Guid(5af6a85c15f8db141b4849411f3f66b2) Importer(815301076,1909f56bfc062723c751e8b465ee728b)  -> (artifact id: '1877d9e2b8583e7a40f8ce1a4474759b') in 0.031544 seconds 
========================================================================
Received Import Request.
  Time since last request: 11.126324 seconds.
  path: Assets/ArenaGround.mat
  artifactKey: Guid(c366afdd8cbd0514287add3fe30b3ddb) Importer(815301076,1909f56bfc062723c751e8b465ee728b)
Start importing Assets/ArenaGround.mat using Guid(c366afdd8cbd0514287add3fe30b3ddb) Importer(815301076,1909f56bfc062723c751e8b465ee728b)  -> (artifact id: 'b61026c3c2d100abf14790ef935ed845') in 0.219025 seconds 
========================================================================
Received Import Request.
  Time since last request: 0.000042 seconds.
  path: Assets/PlayerLeft.mat
  artifactKey: Guid(d5b9cb6caf48b9949aa77e68440f6b84) Importer(815301076,1909f56bfc062723c751e8b465ee728b)
Start importing Assets/PlayerLeft.mat using Guid(d5b9cb6caf48b9949aa77e68440f6b84) Importer(815301076,1909f56bfc062723c751e8b465ee728b)  -> (artifact id: '207b6aba435710130e9617f1e584444b') in 0.034120 seconds 
========================================================================
Received Import Request.
  Time since last request: 133.644847 seconds.
  path: Assets/ArenaGround.mat
  artifactKey: Guid(c366afdd8cbd0514287add3fe30b3ddb) Importer(815301076,1909f56bfc062723c751e8b465ee728b)
Start importing Assets/ArenaGround.mat using Guid(c366afdd8cbd0514287add3fe30b3ddb) Importer(815301076,1909f56bfc062723c751e8b465ee728b)  -> (artifact id: '5109c19f9d3b2847b1b15ea743e69503') in 0.094722 seconds 
========================================================================
Received Import Request.
  Time since last request: 0.003634 seconds.
  path: Assets/PlayerLeft.mat
  artifactKey: Guid(d5b9cb6caf48b9949aa77e68440f6b84) Importer(815301076,1909f56bfc062723c751e8b465ee728b)
Start importing Assets/PlayerLeft.mat using Guid(d5b9cb6caf48b9949aa77e68440f6b84) Importer(815301076,1909f56bfc062723c751e8b465ee728b)  -> (artifact id: '00cbe1cb755567a8644761bcc3ed14fe') in 0.020116 seconds 
========================================================================
Received Import Request.
  Time since last request: 36.000013 seconds.
  path: Assets/ArenaGround.mat
  artifactKey: Guid(c366afdd8cbd0514287add3fe30b3ddb) Importer(815301076,1909f56bfc062723c751e8b465ee728b)
Start importing Assets/ArenaGround.mat using Guid(c366afdd8cbd0514287add3fe30b3ddb) Importer(815301076,1909f56bfc062723c751e8b465ee728b)  -> (artifact id: 'b7edd2cb5bc5546a6d07d8287af270dd') in 0.126112 seconds 
========================================================================
Received Import Request.
  Time since last request: 0.000041 seconds.
  path: Assets/PlayerLeft.mat
  artifactKey: Guid(d5b9cb6caf48b9949aa77e68440f6b84) Importer(815301076,1909f56bfc062723c751e8b465ee728b)
Start importing Assets/PlayerLeft.mat using Guid(d5b9cb6caf48b9949aa77e68440f6b84) Importer(815301076,1909f56bfc062723c751e8b465ee728b)  -> (artifact id: 'df86243d0c472e69ae7382f0dbb841e9') in 0.084690 seconds 
========================================================================
Received Import Request.
  Time since last request: 15.659073 seconds.
  path: Assets/ArenaGround.mat
  artifactKey: Guid(c366afdd8cbd0514287add3fe30b3ddb) Importer(815301076,1909f56bfc062723c751e8b465ee728b)
Start importing Assets/ArenaGround.mat using Guid(c366afdd8cbd0514287add3fe30b3ddb) Importer(815301076,1909f56bfc062723c751e8b465ee728b)  -> (artifact id: 'bce085ce630e9a767c2457f9a65d7a8b') in 0.098276 seconds 
========================================================================
Received Import Request.
  Time since last request: 0.000055 seconds.
  path: Assets/PlayerLeft.mat
  artifactKey: Guid(d5b9cb6caf48b9949aa77e68440f6b84) Importer(815301076,1909f56bfc062723c751e8b465ee728b)
Start importing Assets/PlayerLeft.mat using Guid(d5b9cb6caf48b9949aa77e68440f6b84) Importer(815301076,1909f56bfc062723c751e8b465ee728b)  -> (artifact id: '3443a99bf5bba7afcd94c9f3dde5b477') in 0.022415 seconds 
========================================================================
Received Import Request.
  Time since last request: 26.717049 seconds.
  path: Assets/ArenaGround.mat
  artifactKey: Guid(c366afdd8cbd0514287add3fe30b3ddb) Importer(815301076,1909f56bfc062723c751e8b465ee728b)
Start importing Assets/ArenaGround.mat using Guid(c366afdd8cbd0514287add3fe30b3ddb) Importer(815301076,1909f56bfc062723c751e8b465ee728b)  -> (artifact id: '9a5948ce30fc862400235497a0facb9e') in 0.066599 seconds 
========================================================================
Received Import Request.
  Time since last request: 0.000057 seconds.
  path: Assets/PlayerRight.mat
  artifactKey: Guid(5af6a85c15f8db141b4849411f3f66b2) Importer(815301076,1909f56bfc062723c751e8b465ee728b)
Start importing Assets/PlayerRight.mat using Guid(5af6a85c15f8db141b4849411f3f66b2) Importer(815301076,1909f56bfc062723c751e8b465ee728b)  -> (artifact id: '80ac1d8263eb367c3fe042eb3e01a0b7') in 0.046725 seconds 
========================================================================
Received Import Request.
  Time since last request: 12.132831 seconds.
  path: Assets/ArenaGround.mat
  artifactKey: Guid(c366afdd8cbd0514287add3fe30b3ddb) Importer(815301076,1909f56bfc062723c751e8b465ee728b)
Start importing Assets/ArenaGround.mat using Guid(c366afdd8cbd0514287add3fe30b3ddb) Importer(815301076,1909f56bfc062723c751e8b465ee728b)  -> (artifact id: '9d5dea2566e53db27ebcbc99bd8bd571') in 0.227616 seconds 
========================================================================
Received Import Request.
  Time since last request: 0.000056 seconds.
  path: Assets/PlayerRight.mat
  artifactKey: Guid(5af6a85c15f8db141b4849411f3f66b2) Importer(815301076,1909f56bfc062723c751e8b465ee728b)
Start importing Assets/PlayerRight.mat using Guid(5af6a85c15f8db141b4849411f3f66b2) Importer(815301076,1909f56bfc062723c751e8b465ee728b)  -> (artifact id: 'ab5324de41f031a2033ab8fd856d30e7') in 0.026433 seconds 
========================================================================
Received Import Request.
  Time since last request: 55.978319 seconds.
  path: Assets/ArenaGround.mat
  artifactKey: Guid(c366afdd8cbd0514287add3fe30b3ddb) Importer(815301076,1909f56bfc062723c751e8b465ee728b)
Start importing Assets/ArenaGround.mat using Guid(c366afdd8cbd0514287add3fe30b3ddb) Importer(815301076,1909f56bfc062723c751e8b465ee728b)  -> (artifact id: '0ce4319a631fd4a20e9ce5472f611366') in 0.168861 seconds 
========================================================================
Received Import Request.
  Time since last request: 0.000063 seconds.
  path: Assets/PlayerLeft.mat
  artifactKey: Guid(d5b9cb6caf48b9949aa77e68440f6b84) Importer(815301076,1909f56bfc062723c751e8b465ee728b)
Start importing Assets/PlayerLeft.mat using Guid(d5b9cb6caf48b9949aa77e68440f6b84) Importer(815301076,1909f56bfc062723c751e8b465ee728b)  -> (artifact id: 'abcfcb816f6373999c9edc99c35e5cc9') in 0.029076 seconds 
========================================================================
Received Import Request.
  Time since last request: 20.615075 seconds.
  path: Assets/ArenaGround.mat
  artifactKey: Guid(c366afdd8cbd0514287add3fe30b3ddb) Importer(815301076,1909f56bfc062723c751e8b465ee728b)
Start importing Assets/ArenaGround.mat using Guid(c366afdd8cbd0514287add3fe30b3ddb) Importer(815301076,1909f56bfc062723c751e8b465ee728b) Shader error in 'Unlit/Tracer': undeclared identifier '_WorldSpaceLightPos1' at line 130 (on d3d11)

Compiling Subshader: 0, Pass: <Unnamed Pass 1>, Vertex program with DIRECTIONAL
Platform defines: SHADER_API_DESKTOP UNITY_COLORSPACE_GAMMA UNITY_ENABLE_DETAIL_NORMALMAP UNITY_ENABLE_REFLECTION_BUFFERS UNITY_LIGHTMAP_FULL_HDR UNITY_LIGHT_PROBE_PROXY_VOLUME UNITY_PASS_FORWARDBASE UNITY_PBS_USE_BRDF1 UNITY_SPECCUBE_BLENDING UNITY_SPECCUBE_BOX_PROJECTION UNITY_USE_DITHER_MASK_FOR_ALPHABLENDED_SHADOWS
Disabled keywords: DIRECTIONAL_COOKIE LIGHTMAP_SHADOW_MIXING POINT POINT_COOKIE SHADER_API_GLES30 SHADOWS_CUBE SHADOWS_DEPTH SHADOWS_SCREEN SHADOWS_SHADOWMASK SHADOWS_SOFT SPOT UNITY_ASTC_NORMALMAP_ENCODING UNITY_ENABLE_NATIVE_SHADOW_LOOKUPS UNITY_FRAMEBUFFER_FETCH_AVAILABLE UNITY_HALF_PRECISION_FRAGMENT_SHADER_REGISTERS UNITY_HARDWARE_TIER1 UNITY_HARDWARE_TIER2 UNITY_HARDWARE_TIER3 UNITY_LIGHTMAP_DLDR_ENCODING UNITY_LIGHTMAP_RGBM_ENCODING UNITY_METAL_SHADOWS_USE_POINT_FILTERING UNITY_NO_DXT5nm UNITY_NO_FULL_STANDARD_SHADER UNITY_NO_SCREENSPACE_SHADOWS UNITY_PBS_USE_BRDF2 UNITY_PBS_USE_BRDF3 UNITY_PRETRANSFORM_TO_DISPLAY_ORIENTATION UNITY_UNIFIED_SHADER_PRECISION_MODEL UNITY_VIRTUAL_TEXTURING
Shader warning in 'Unlit/Tracer': Output value 'vert' is not completely initialized at line 44 (on d3d11)

Compiling Subshader: 0, Pass: <Unnamed Pass 0>, Vertex program with DIRECTIONAL LIGHTPROBE_SH
Platform defines: SHADER_API_DESKTOP UNITY_COLORSPACE_GAMMA UNITY_ENABLE_DETAIL_NORMALMAP UNITY_ENABLE_REFLECTION_BUFFERS UNITY_LIGHTMAP_FULL_HDR UNITY_LIGHT_PROBE_PROXY_VOLUME UNITY_PASS_FORWARDBASE UNITY_PBS_USE_BRDF1 UNITY_SPECCUBE_BLENDING UNITY_SPECCUBE_BOX_PROJECTION UNITY_USE_DITHER_MASK_FOR_ALPHABLENDED_SHADOWS
Disabled keywords: DIRLIGHTMAP_COMBINED DYNAMICLIGHTMAP_ON LIGHTMAP_ON LIGHTMAP_SHADOW_MIXING SHADER_API_GLES30 SHADOWS_SCREEN SHADOWS_SHADOWMASK UNITY_ASTC_NORMALMAP_ENCODING UNITY_ENABLE_NATIVE_SHADOW_LOOKUPS UNITY_FRAMEBUFFER_FETCH_AVAILABLE UNITY_HALF_PRECISION_FRAGMENT_SHADER_REGISTERS UNITY_HARDWARE_TIER1 UNITY_HARDWARE_TIER2 UNITY_HARDWARE_TIER3 UNITY_LIGHTMAP_DLDR_ENCODING UNITY_LIGHTMAP_RGBM_ENCODING UNITY_METAL_SHADOWS_USE_POINT_FILTERING UNITY_NO_DXT5nm UNITY_NO_FULL_STANDARD_SHADER UNITY_NO_SCREENSPACE_SHADOWS UNITY_PBS_USE_BRDF2 UNITY_PBS_USE_BRDF3 UNITY_PRETRANSFORM_TO_DISPLAY_ORIENTATION UNITY_UNIFIED_SHADER_PRECISION_MODEL UNITY_VIRTUAL_TEXTURING VERTEXLIGHT_ON
Shader error in 'Unlit/Tracer': undeclared identifier '_WorldSpaceLightPos1' at line 130 (on d3d11)

Compiling Subshader: 0, Pass: <Unnamed Pass 1>, Vertex program with DIRECTIONAL
Platform defines: SHADER_API_DESKTOP UNITY_COLORSPACE_GAMMA UNITY_ENABLE_DETAIL_NORMALMAP UNITY_ENABLE_REFLECTION_BUFFERS UNITY_LIGHTMAP_FULL_HDR UNITY_LIGHT_PROBE_PROXY_VOLUME UNITY_PASS_FORWARDBASE UNITY_PBS_USE_BRDF1 UNITY_SPECCUBE_BLENDING UNITY_SPECCUBE_BOX_PROJECTION UNITY_USE_DITHER_MASK_FOR_ALPHABLENDED_SHADOWS
Disabled keywords: DIRECTIONAL_COOKIE LIGHTMAP_SHADOW_MIXING POINT POINT_COOKIE SHADER_API_GLES30 SHADOWS_CUBE SHADOWS_DEPTH SHADOWS_SCREEN SHADOWS_SHADOWMASK SHADOWS_SOFT SPOT UNITY_ASTC_NORMALMAP_ENCODING UNITY_ENABLE_NATIVE_SHADOW_LOOKUPS UNITY_FRAMEBUFFER_FETCH_AVAILABLE UNITY_HALF_PRECISION_FRAGMENT_SHADER_REGISTERS UNITY_HARDWARE_TIER1 UNITY_HARDWARE_TIER2 UNITY_HARDWARE_TIER3 UNITY_LIGHTMAP_DLDR_ENCODING UNITY_LIGHTMAP_RGBM_ENCODING UNITY_METAL_SHADOWS_USE_POINT_FILTERING UNITY_NO_DXT5nm UNITY_NO_FULL_STANDARD_SHADER UNITY_NO_SCREENSPACE_SHADOWS UNITY_PBS_USE_BRDF2 UNITY_PBS_USE_BRDF3 UNITY_PRETRANSFORM_TO_DISPLAY_ORIENTATION UNITY_UNIFIED_SHADER_PRECISION_MODEL UNITY_VIRTUAL_TEXTURING
Shader warning in 'Unlit/Tracer': Output value 'vert' is not completely initialized at line 44 (on d3d11)

Compiling Subshader: 0, Pass: <Unnamed Pass 0>, Vertex program with DIRECTIONAL LIGHTPROBE_SH
Platform defines: SHADER_API_DESKTOP UNITY_COLORSPACE_GAMMA UNITY_ENABLE_DETAIL_NORMALMAP UNITY_ENABLE_REFLECTION_BUFFERS UNITY_LIGHTMAP_FULL_HDR UNITY_LIGHT_PROBE_PROXY_VOLUME UNITY_PASS_FORWARDBASE UNITY_PBS_USE_BRDF1 UNITY_SPECCUBE_BLENDING UNITY_SPECCUBE_BOX_PROJECTION UNITY_USE_DITHER_MASK_FOR_ALPHABLENDED_SHADOWS
Disabled keywords: DIRLIGHTMAP_COMBINED DYNAMICLIGHTMAP_ON LIGHTMAP_ON LIGHTMAP_SHADOW_MIXING SHADER_API_GLES30 SHADOWS_SCREEN SHADOWS_SHADOWMASK UNITY_ASTC_NORMALMAP_ENCODING UNITY_ENABLE_NATIVE_SHADOW_LOOKUPS UNITY_FRAMEBUFFER_FETCH_AVAILABLE UNITY_HALF_PRECISION_FRAGMENT_SHADER_REGISTERS UNITY_HARDWARE_TIER1 UNITY_HARDWARE_TIER2 UNITY_HARDWARE_TIER3 UNITY_LIGHTMAP_DLDR_ENCODING UNITY_LIGHTMAP_RGBM_ENCODING UNITY_METAL_SHADOWS_USE_POINT_FILTERING UNITY_NO_DXT5nm UNITY_NO_FULL_STANDARD_SHADER UNITY_NO_SCREENSPACE_SHADOWS UNITY_PBS_USE_BRDF2 UNITY_PBS_USE_BRDF3 UNITY_PRETRANSFORM_TO_DISPLAY_ORIENTATION UNITY_UNIFIED_SHADER_PRECISION_MODEL UNITY_VIRTUAL_TEXTURING VERTEXLIGHT_ON
 -> (artifact id: 'f4d2cfe64a767c801708760b63b2bb6b') in 0.091098 seconds 
========================================================================
Received Import Request.
  Time since last request: 0.000029 seconds.
  path: Assets/PlayerLeft.mat
  artifactKey: Guid(d5b9cb6caf48b9949aa77e68440f6b84) Importer(815301076,1909f56bfc062723c751e8b465ee728b)
Start importing Assets/PlayerLeft.mat using Guid(d5b9cb6caf48b9949aa77e68440f6b84) Importer(815301076,1909f56bfc062723c751e8b465ee728b) Shader error in 'Unlit/Tracer': undeclared identifier '_WorldSpaceLightPos1' at line 130 (on d3d11)

Compiling Subshader: 0, Pass: <Unnamed Pass 1>, Vertex program with DIRECTIONAL
Platform defines: SHADER_API_DESKTOP UNITY_COLORSPACE_GAMMA UNITY_ENABLE_DETAIL_NORMALMAP UNITY_ENABLE_REFLECTION_BUFFERS UNITY_LIGHTMAP_FULL_HDR UNITY_LIGHT_PROBE_PROXY_VOLUME UNITY_PASS_FORWARDBASE UNITY_PBS_USE_BRDF1 UNITY_SPECCUBE_BLENDING UNITY_SPECCUBE_BOX_PROJECTION UNITY_USE_DITHER_MASK_FOR_ALPHABLENDED_SHADOWS
Disabled keywords: DIRECTIONAL_COOKIE LIGHTMAP_SHADOW_MIXING POINT POINT_COOKIE SHADER_API_GLES30 SHADOWS_CUBE SHADOWS_DEPTH SHADOWS_SCREEN SHADOWS_SHADOWMASK SHADOWS_SOFT SPOT UNITY_ASTC_NORMALMAP_ENCODING UNITY_ENABLE_NATIVE_SHADOW_LOOKUPS UNITY_FRAMEBUFFER_FETCH_AVAILABLE UNITY_HALF_PRECISION_FRAGMENT_SHADER_REGISTERS UNITY_HARDWARE_TIER1 UNITY_HARDWARE_TIER2 UNITY_HARDWARE_TIER3 UNITY_LIGHTMAP_DLDR_ENCODING UNITY_LIGHTMAP_RGBM_ENCODING UNITY_METAL_SHADOWS_USE_POINT_FILTERING UNITY_NO_DXT5nm UNITY_NO_FULL_STANDARD_SHADER UNITY_NO_SCREENSPACE_SHADOWS UNITY_PBS_USE_BRDF2 UNITY_PBS_USE_BRDF3 UNITY_PRETRANSFORM_TO_DISPLAY_ORIENTATION UNITY_UNIFIED_SHADER_PRECISION_MODEL UNITY_VIRTUAL_TEXTURING
Shader warning in 'Unlit/Tracer': Output value 'vert' is not completely initialized at line 44 (on d3d11)

Compiling Subshader: 0, Pass: <Unnamed Pass 0>, Vertex program with DIRECTIONAL LIGHTPROBE_SH
Platform defines: SHADER_API_DESKTOP UNITY_COLORSPACE_GAMMA UNITY_ENABLE_DETAIL_NORMALMAP UNITY_ENABLE_REFLECTION_BUFFERS UNITY_LIGHTMAP_FULL_HDR UNITY_LIGHT_PROBE_PROXY_VOLUME UNITY_PASS_FORWARDBASE UNITY_PBS_USE_BRDF1 UNITY_SPECCUBE_BLENDING UNITY_SPECCUBE_BOX_PROJECTION UNITY_USE_DITHER_MASK_FOR_ALPHABLENDED_SHADOWS
Disabled keywords: DIRLIGHTMAP_COMBINED DYNAMICLIGHTMAP_ON LIGHTMAP_ON LIGHTMAP_SHADOW_MIXING SHADER_API_GLES30 SHADOWS_SCREEN SHADOWS_SHADOWMASK UNITY_ASTC_NORMALMAP_ENCODING UNITY_ENABLE_NATIVE_SHADOW_LOOKUPS UNITY_FRAMEBUFFER_FETCH_AVAILABLE UNITY_HALF_PRECISION_FRAGMENT_SHADER_REGISTERS UNITY_HARDWARE_TIER1 UNITY_HARDWARE_TIER2 UNITY_HARDWARE_TIER3 UNITY_LIGHTMAP_DLDR_ENCODING UNITY_LIGHTMAP_RGBM_ENCODING UNITY_METAL_SHADOWS_USE_POINT_FILTERING UNITY_NO_DXT5nm UNITY_NO_FULL_STANDARD_SHADER UNITY_NO_SCREENSPACE_SHADOWS UNITY_PBS_USE_BRDF2 UNITY_PBS_USE_BRDF3 UNITY_PRETRANSFORM_TO_DISPLAY_ORIENTATION UNITY_UNIFIED_SHADER_PRECISION_MODEL UNITY_VIRTUAL_TEXTURING VERTEXLIGHT_ON
Shader error in 'Unlit/Tracer': undeclared identifier '_WorldSpaceLightPos1' at line 130 (on d3d11)

Compiling Subshader: 0, Pass: <Unnamed Pass 1>, Vertex program with DIRECTIONAL
Platform defines: SHADER_API_DESKTOP UNITY_COLORSPACE_GAMMA UNITY_ENABLE_DETAIL_NORMALMAP UNITY_ENABLE_REFLECTION_BUFFERS UNITY_LIGHTMAP_FULL_HDR UNITY_LIGHT_PROBE_PROXY_VOLUME UNITY_PASS_FORWARDBASE UNITY_PBS_USE_BRDF1 UNITY_SPECCUBE_BLENDING UNITY_SPECCUBE_BOX_PROJECTION UNITY_USE_DITHER_MASK_FOR_ALPHABLENDED_SHADOWS
Disabled keywords: DIRECTIONAL_COOKIE LIGHTMAP_SHADOW_MIXING POINT POINT_COOKIE SHADER_API_GLES30 SHADOWS_CUBE SHADOWS_DEPTH SHADOWS_SCREEN SHADOWS_SHADOWMASK SHADOWS_SOFT SPOT UNITY_ASTC_NORMALMAP_ENCODING UNITY_ENABLE_NATIVE_SHADOW_LOOKUPS UNITY_FRAMEBUFFER_FETCH_AVAILABLE UNITY_HALF_PRECISION_FRAGMENT_SHADER_REGISTERS UNITY_HARDWARE_TIER1 UNITY_HARDWARE_TIER2 UNITY_HARDWARE_TIER3 UNITY_LIGHTMAP_DLDR_ENCODING UNITY_LIGHTMAP_RGBM_ENCODING UNITY_METAL_SHADOWS_USE_POINT_FILTERING UNITY_NO_DXT5nm UNITY_NO_FULL_STANDARD_SHADER UNITY_NO_SCREENSPACE_SHADOWS UNITY_PBS_USE_BRDF2 UNITY_PBS_USE_BRDF3 UNITY_PRETRANSFORM_TO_DISPLAY_ORIENTATION UNITY_UNIFIED_SHADER_PRECISION_MODEL UNITY_VIRTUAL_TEXTURING
Shader warning in 'Unlit/Tracer': Output value 'vert' is not completely initialized at line 44 (on d3d11)

Compiling Subshader: 0, Pass: <Unnamed Pass 0>, Vertex program with DIRECTIONAL LIGHTPROBE_SH
Platform defines: SHADER_API_DESKTOP UNITY_COLORSPACE_GAMMA UNITY_ENABLE_DETAIL_NORMALMAP UNITY_ENABLE_REFLECTION_BUFFERS UNITY_LIGHTMAP_FULL_HDR UNITY_LIGHT_PROBE_PROXY_VOLUME UNITY_PASS_FORWARDBASE UNITY_PBS_USE_BRDF1 UNITY_SPECCUBE_BLENDING UNITY_SPECCUBE_BOX_PROJECTION UNITY_USE_DITHER_MASK_FOR_ALPHABLENDED_SHADOWS
Disabled keywords: DIRLIGHTMAP_COMBINED DYNAMICLIGHTMAP_ON LIGHTMAP_ON LIGHTMAP_SHADOW_MIXING SHADER_API_GLES30 SHADOWS_SCREEN SHADOWS_SHADOWMASK UNITY_ASTC_NORMALMAP_ENCODING UNITY_ENABLE_NATIVE_SHADOW_LOOKUPS UNITY_FRAMEBUFFER_FETCH_AVAILABLE UNITY_HALF_PRECISION_FRAGMENT_SHADER_REGISTERS UNITY_HARDWARE_TIER1 UNITY_HARDWARE_TIER2 UNITY_HARDWARE_TIER3 UNITY_LIGHTMAP_DLDR_ENCODING UNITY_LIGHTMAP_RGBM_ENCODING UNITY_METAL_SHADOWS_USE_POINT_FILTERING UNITY_NO_DXT5nm UNITY_NO_FULL_STANDARD_SHADER UNITY_NO_SCREENSPACE_SHADOWS UNITY_PBS_USE_BRDF2 UNITY_PBS_USE_BRDF3 UNITY_PRETRANSFORM_TO_DISPLAY_ORIENTATION UNITY_UNIFIED_SHADER_PRECISION_MODEL UNITY_VIRTUAL_TEXTURING VERTEXLIGHT_ON
 -> (artifact id: 'b17b3705e20e3d0f3b65bf8a52488a5e') in 0.028245 seconds 
========================================================================
Received Import Request.
  Time since last request: 511.807117 seconds.
  path: Assets/ArenaGround.mat
  artifactKey: Guid(c366afdd8cbd0514287add3fe30b3ddb) Importer(815301076,1909f56bfc062723c751e8b465ee728b)
Start importing Assets/ArenaGround.mat using Guid(c366afdd8cbd0514287add3fe30b3ddb) Importer(815301076,1909f56bfc062723c751e8b465ee728b) Shader error in 'Unlit/Tracer': undeclared identifier 'UnityObjectToWorldNormal' at line 107 (on d3d11)

Compiling Subshader: 0, Pass: <Unnamed Pass 1>, Vertex program with <no keywords>
Platform defines: SHADER_API_DESKTOP UNITY_COLORSPACE_GAMMA UNITY_ENABLE_DETAIL_NORMALMAP UNITY_ENABLE_REFLECTION_BUFFERS UNITY_LIGHTMAP_FULL_HDR UNITY_LIGHT_PROBE_PROXY_VOLUME UNITY_PASS_SHADOWCASTER UNITY_PBS_USE_BRDF1 UNITY_SPECCUBE_BLENDING UNITY_SPECCUBE_BOX_PROJECTION UNITY_USE_DITHER_MASK_FOR_ALPHABLENDED_SHADOWS
Disabled keywords: SHADER_API_GLES30 UNITY_ASTC_NORMALMAP_ENCODING UNITY_ENABLE_NATIVE_SHADOW_LOOKUPS UNITY_FRAMEBUFFER_FETCH_AVAILABLE UNITY_HALF_PRECISION_FRAGMENT_SHADER_REGISTERS UNITY_HARDWARE_TIER1 UNITY_HARDWARE_TIER2 UNITY_HARDWARE_TIER3 UNITY_LIGHTMAP_DLDR_ENCODING UNITY_LIGHTMAP_RGBM_ENCODING UNITY_METAL_SHADOWS_USE_POINT_FILTERING UNITY_NO_DXT5nm UNITY_NO_FULL_STANDARD_SHADER UNITY_NO_SCREENSPACE_SHADOWS UNITY_PBS_USE_BRDF2 UNITY_PBS_USE_BRDF3 UNITY_PRETRANSFORM_TO_DISPLAY_ORIENTATION UNITY_UNIFIED_SHADER_PRECISION_MODEL UNITY_VIRTUAL_TEXTURING
Shader error in 'Unlit/Tracer': undeclared identifier 'UnityObjectToWorldNormal' at line 107 (on d3d11)

Compiling Subshader: 0, Pass: <Unnamed Pass 1>, Vertex program with <no keywords>
Platform defines: SHADER_API_DESKTOP UNITY_COLORSPACE_GAMMA UNITY_ENABLE_DETAIL_NORMALMAP UNITY_ENABLE_REFLECTION_BUFFERS UNITY_LIGHTMAP_FULL_HDR UNITY_LIGHT_PROBE_PROXY_VOLUME UNITY_PASS_SHADOWCASTER UNITY_PBS_USE_BRDF1 UNITY_SPECCUBE_BLENDING UNITY_SPECCUBE_BOX_PROJECTION UNITY_USE_DITHER_MASK_FOR_ALPHABLENDED_SHADOWS
Disabled keywords: SHADER_API_GLES30 UNITY_ASTC_NORMALMAP_ENCODING UNITY_ENABLE_NATIVE_SHADOW_LOOKUPS UNITY_FRAMEBUFFER_FETCH_AVAILABLE UNITY_HALF_PRECISION_FRAGMENT_SHADER_REGISTERS UNITY_HARDWARE_TIER1 UNITY_HARDWARE_TIER2 UNITY_HARDWARE_TIER3 UNITY_LIGHTMAP_DLDR_ENCODING UNITY_LIGHTMAP_RGBM_ENCODING UNITY_METAL_SHADOWS_USE_POINT_FILTERING UNITY_NO_DXT5nm UNITY_NO_FULL_STANDARD_SHADER UNITY_NO_SCREENSPACE_SHADOWS UNITY_PBS_USE_BRDF2 UNITY_PBS_USE_BRDF3 UNITY_PRETRANSFORM_TO_DISPLAY_ORIENTATION UNITY_UNIFIED_SHADER_PRECISION_MODEL UNITY_VIRTUAL_TEXTURING
 -> (artifact id: 'e90f665f4d27efbe95b0ed453c8aaa1b') in 0.067140 seconds 
========================================================================
Received Import Request.
  Time since last request: 0.000040 seconds.
  path: Assets/PlayerLeft.mat
  artifactKey: Guid(d5b9cb6caf48b9949aa77e68440f6b84) Importer(815301076,1909f56bfc062723c751e8b465ee728b)
Start importing Assets/PlayerLeft.mat using Guid(d5b9cb6caf48b9949aa77e68440f6b84) Importer(815301076,1909f56bfc062723c751e8b465ee728b) Shader error in 'Unlit/Tracer': undeclared identifier 'UnityObjectToWorldNormal' at line 107 (on d3d11)

Compiling Subshader: 0, Pass: <Unnamed Pass 1>, Vertex program with <no keywords>
Platform defines: SHADER_API_DESKTOP UNITY_COLORSPACE_GAMMA UNITY_ENABLE_DETAIL_NORMALMAP UNITY_ENABLE_REFLECTION_BUFFERS UNITY_LIGHTMAP_FULL_HDR UNITY_LIGHT_PROBE_PROXY_VOLUME UNITY_PASS_SHADOWCASTER UNITY_PBS_USE_BRDF1 UNITY_SPECCUBE_BLENDING UNITY_SPECCUBE_BOX_PROJECTION UNITY_USE_DITHER_MASK_FOR_ALPHABLENDED_SHADOWS
Disabled keywords: SHADER_API_GLES30 UNITY_ASTC_NORMALMAP_ENCODING UNITY_ENABLE_NATIVE_SHADOW_LOOKUPS UNITY_FRAMEBUFFER_FETCH_AVAILABLE UNITY_HALF_PRECISION_FRAGMENT_SHADER_REGISTERS UNITY_HARDWARE_TIER1 UNITY_HARDWARE_TIER2 UNITY_HARDWARE_TIER3 UNITY_LIGHTMAP_DLDR_ENCODING UNITY_LIGHTMAP_RGBM_ENCODING UNITY_METAL_SHADOWS_USE_POINT_FILTERING UNITY_NO_DXT5nm UNITY_NO_FULL_STANDARD_SHADER UNITY_NO_SCREENSPACE_SHADOWS UNITY_PBS_USE_BRDF2 UNITY_PBS_USE_BRDF3 UNITY_PRETRANSFORM_TO_DISPLAY_ORIENTATION UNITY_UNIFIED_SHADER_PRECISION_MODEL UNITY_VIRTUAL_TEXTURING
Shader error in 'Unlit/Tracer': undeclared identifier 'UnityObjectToWorldNormal' at line 107 (on d3d11)

Compiling Subshader: 0, Pass: <Unnamed Pass 1>, Vertex program with <no keywords>
Platform defines: SHADER_API_DESKTOP UNITY_COLORSPACE_GAMMA UNITY_ENABLE_DETAIL_NORMALMAP UNITY_ENABLE_REFLECTION_BUFFERS UNITY_LIGHTMAP_FULL_HDR UNITY_LIGHT_PROBE_PROXY_VOLUME UNITY_PASS_SHADOWCASTER UNITY_PBS_USE_BRDF1 UNITY_SPECCUBE_BLENDING UNITY_SPECCUBE_BOX_PROJECTION UNITY_USE_DITHER_MASK_FOR_ALPHABLENDED_SHADOWS
Disabled keywords: SHADER_API_GLES30 UNITY_ASTC_NORMALMAP_ENCODING UNITY_ENABLE_NATIVE_SHADOW_LOOKUPS UNITY_FRAMEBUFFER_FETCH_AVAILABLE UNITY_HALF_PRECISION_FRAGMENT_SHADER_REGISTERS UNITY_HARDWARE_TIER1 UNITY_HARDWARE_TIER2 UNITY_HARDWARE_TIER3 UNITY_LIGHTMAP_DLDR_ENCODING UNITY_LIGHTMAP_RGBM_ENCODING UNITY_METAL_SHADOWS_USE_POINT_FILTERING UNITY_NO_DXT5nm UNITY_NO_FULL_STANDARD_SHADER UNITY_NO_SCREENSPACE_SHADOWS UNITY_PBS_USE_BRDF2 UNITY_PBS_USE_BRDF3 UNITY_PRETRANSFORM_TO_DISPLAY_ORIENTATION UNITY_UNIFIED_SHADER_PRECISION_MODEL UNITY_VIRTUAL_TEXTURING
 -> (artifact id: '4d8e5ed17e11c49c11483f63e1e10773') in 0.036761 seconds 
========================================================================
Received Import Request.
  Time since last request: 98.566857 seconds.
  path: Assets/ArenaGround.mat
  artifactKey: Guid(c366afdd8cbd0514287add3fe30b3ddb) Importer(815301076,1909f56bfc062723c751e8b465ee728b)
Start importing Assets/ArenaGround.mat using Guid(c366afdd8cbd0514287add3fe30b3ddb) Importer(815301076,1909f56bfc062723c751e8b465ee728b) Shader error in 'Unlit/Tracer': undeclared identifier 'UnityObjectToWorldNormal' at line 107 (on d3d11)

Compiling Subshader: 0, Pass: <Unnamed Pass 1>, Vertex program with <no keywords>
Platform defines: SHADER_API_DESKTOP UNITY_COLORSPACE_GAMMA UNITY_ENABLE_DETAIL_NORMALMAP UNITY_ENABLE_REFLECTION_BUFFERS UNITY_LIGHTMAP_FULL_HDR UNITY_LIGHT_PROBE_PROXY_VOLUME UNITY_PASS_SHADOWCASTER UNITY_PBS_USE_BRDF1 UNITY_SPECCUBE_BLENDING UNITY_SPECCUBE_BOX_PROJECTION UNITY_USE_DITHER_MASK_FOR_ALPHABLENDED_SHADOWS
Disabled keywords: SHADER_API_GLES30 UNITY_ASTC_NORMALMAP_ENCODING UNITY_ENABLE_NATIVE_SHADOW_LOOKUPS UNITY_FRAMEBUFFER_FETCH_AVAILABLE UNITY_HALF_PRECISION_FRAGMENT_SHADER_REGISTERS UNITY_HARDWARE_TIER1 UNITY_HARDWARE_TIER2 UNITY_HARDWARE_TIER3 UNITY_LIGHTMAP_DLDR_ENCODING UNITY_LIGHTMAP_RGBM_ENCODING UNITY_METAL_SHADOWS_USE_POINT_FILTERING UNITY_NO_DXT5nm UNITY_NO_FULL_STANDARD_SHADER UNITY_NO_SCREENSPACE_SHADOWS UNITY_PBS_USE_BRDF2 UNITY_PBS_USE_BRDF3 UNITY_PRETRANSFORM_TO_DISPLAY_ORIENTATION UNITY_UNIFIED_SHADER_PRECISION_MODEL UNITY_VIRTUAL_TEXTURING
Shader error in 'Unlit/Tracer': undeclared identifier 'UnityObjectToWorldNormal' at line 107 (on d3d11)

Compiling Subshader: 0, Pass: <Unnamed Pass 1>, Vertex program with <no keywords>
Platform defines: SHADER_API_DESKTOP UNITY_COLORSPACE_GAMMA UNITY_ENABLE_DETAIL_NORMALMAP UNITY_ENABLE_REFLECTION_BUFFERS UNITY_LIGHTMAP_FULL_HDR UNITY_LIGHT_PROBE_PROXY_VOLUME UNITY_PASS_SHADOWCASTER UNITY_PBS_USE_BRDF1 UNITY_SPECCUBE_BLENDING UNITY_SPECCUBE_BOX_PROJECTION UNITY_USE_DITHER_MASK_FOR_ALPHABLENDED_SHADOWS
Disabled keywords: SHADER_API_GLES30 UNITY_ASTC_NORMALMAP_ENCODING UNITY_ENABLE_NATIVE_SHADOW_LOOKUPS UNITY_FRAMEBUFFER_FETCH_AVAILABLE UNITY_HALF_PRECISION_FRAGMENT_SHADER_REGISTERS UNITY_HARDWARE_TIER1 UNITY_HARDWARE_TIER2 UNITY_HARDWARE_TIER3 UNITY_LIGHTMAP_DLDR_ENCODING UNITY_LIGHTMAP_RGBM_ENCODING UNITY_METAL_SHADOWS_USE_POINT_FILTERING UNITY_NO_DXT5nm UNITY_NO_FULL_STANDARD_SHADER UNITY_NO_SCREENSPACE_SHADOWS UNITY_PBS_USE_BRDF2 UNITY_PBS_USE_BRDF3 UNITY_PRETRANSFORM_TO_DISPLAY_ORIENTATION UNITY_UNIFIED_SHADER_PRECISION_MODEL UNITY_VIRTUAL_TEXTURING
 -> (artifact id: 'e24cd8525248a10ab7f116707ddffb43') in 0.105466 seconds 
========================================================================
Received Import Request.
  Time since last request: 0.000043 seconds.
  path: Assets/PlayerRight.mat
  artifactKey: Guid(5af6a85c15f8db141b4849411f3f66b2) Importer(815301076,1909f56bfc062723c751e8b465ee728b)
Start importing Assets/PlayerRight.mat using Guid(5af6a85c15f8db141b4849411f3f66b2) Importer(815301076,1909f56bfc062723c751e8b465ee728b) Shader error in 'Unlit/Tracer': undeclared identifier 'UnityObjectToWorldNormal' at line 107 (on d3d11)

Compiling Subshader: 0, Pass: <Unnamed Pass 1>, Vertex program with <no keywords>
Platform defines: SHADER_API_DESKTOP UNITY_COLORSPACE_GAMMA UNITY_ENABLE_DETAIL_NORMALMAP UNITY_ENABLE_REFLECTION_BUFFERS UNITY_LIGHTMAP_FULL_HDR UNITY_LIGHT_PROBE_PROXY_VOLUME UNITY_PASS_SHADOWCASTER UNITY_PBS_USE_BRDF1 UNITY_SPECCUBE_BLENDING UNITY_SPECCUBE_BOX_PROJECTION UNITY_USE_DITHER_MASK_FOR_ALPHABLENDED_SHADOWS
Disabled keywords: SHADER_API_GLES30 UNITY_ASTC_NORMALMAP_ENCODING UNITY_ENABLE_NATIVE_SHADOW_LOOKUPS UNITY_FRAMEBUFFER_FETCH_AVAILABLE UNITY_HALF_PRECISION_FRAGMENT_SHADER_REGISTERS UNITY_HARDWARE_TIER1 UNITY_HARDWARE_TIER2 UNITY_HARDWARE_TIER3 UNITY_LIGHTMAP_DLDR_ENCODING UNITY_LIGHTMAP_RGBM_ENCODING UNITY_METAL_SHADOWS_USE_POINT_FILTERING UNITY_NO_DXT5nm UNITY_NO_FULL_STANDARD_SHADER UNITY_NO_SCREENSPACE_SHADOWS UNITY_PBS_USE_BRDF2 UNITY_PBS_USE_BRDF3 UNITY_PRETRANSFORM_TO_DISPLAY_ORIENTATION UNITY_UNIFIED_SHADER_PRECISION_MODEL UNITY_VIRTUAL_TEXTURING
Shader error in 'Unlit/Tracer': undeclared identifier 'UnityObjectToWorldNormal' at line 107 (on d3d11)

Compiling Subshader: 0, Pass: <Unnamed Pass 1>, Vertex program with <no keywords>
Platform defines: SHADER_API_DESKTOP UNITY_COLORSPACE_GAMMA UNITY_ENABLE_DETAIL_NORMALMAP UNITY_ENABLE_REFLECTION_BUFFERS UNITY_LIGHTMAP_FULL_HDR UNITY_LIGHT_PROBE_PROXY_VOLUME UNITY_PASS_SHADOWCASTER UNITY_PBS_USE_BRDF1 UNITY_SPECCUBE_BLENDING UNITY_SPECCUBE_BOX_PROJECTION UNITY_USE_DITHER_MASK_FOR_ALPHABLENDED_SHADOWS
Disabled keywords: SHADER_API_GLES30 UNITY_ASTC_NORMALMAP_ENCODING UNITY_ENABLE_NATIVE_SHADOW_LOOKUPS UNITY_FRAMEBUFFER_FETCH_AVAILABLE UNITY_HALF_PRECISION_FRAGMENT_SHADER_REGISTERS UNITY_HARDWARE_TIER1 UNITY_HARDWARE_TIER2 UNITY_HARDWARE_TIER3 UNITY_LIGHTMAP_DLDR_ENCODING UNITY_LIGHTMAP_RGBM_ENCODING UNITY_METAL_SHADOWS_USE_POINT_FILTERING UNITY_NO_DXT5nm UNITY_NO_FULL_STANDARD_SHADER UNITY_NO_SCREENSPACE_SHADOWS UNITY_PBS_USE_BRDF2 UNITY_PBS_USE_BRDF3 UNITY_PRETRANSFORM_TO_DISPLAY_ORIENTATION UNITY_UNIFIED_SHADER_PRECISION_MODEL UNITY_VIRTUAL_TEXTURING
 -> (artifact id: '4d9a735a84312298fe5f633485f5dd37') in 0.015822 seconds 
========================================================================
Received Import Request.
  Time since last request: 146.593484 seconds.
  path: Assets/ArenaGround.mat
  artifactKey: Guid(c366afdd8cbd0514287add3fe30b3ddb) Importer(815301076,1909f56bfc062723c751e8b465ee728b)
Start importing Assets/ArenaGround.mat using Guid(c366afdd8cbd0514287add3fe30b3ddb) Importer(815301076,1909f56bfc062723c751e8b465ee728b) Shader error in 'Unlit/Tracer': unrecognized identifier 'V2F_SHADOW_CASTER' at line 95 (on d3d11)

Compiling Subshader: 0, Pass: <Unnamed Pass 1>, Vertex program with <no keywords>
Platform defines: SHADER_API_DESKTOP UNITY_COLORSPACE_GAMMA UNITY_ENABLE_DETAIL_NORMALMAP UNITY_ENABLE_REFLECTION_BUFFERS UNITY_LIGHTMAP_FULL_HDR UNITY_LIGHT_PROBE_PROXY_VOLUME UNITY_PASS_SHADOWCASTER UNITY_PBS_USE_BRDF1 UNITY_SPECCUBE_BLENDING UNITY_SPECCUBE_BOX_PROJECTION UNITY_USE_DITHER_MASK_FOR_ALPHABLENDED_SHADOWS
Disabled keywords: SHADER_API_GLES30 UNITY_ASTC_NORMALMAP_ENCODING UNITY_ENABLE_NATIVE_SHADOW_LOOKUPS UNITY_FRAMEBUFFER_FETCH_AVAILABLE UNITY_HALF_PRECISION_FRAGMENT_SHADER_REGISTERS UNITY_HARDWARE_TIER1 UNITY_HARDWARE_TIER2 UNITY_HARDWARE_TIER3 UNITY_LIGHTMAP_DLDR_ENCODING UNITY_LIGHTMAP_RGBM_ENCODING UNITY_METAL_SHADOWS_USE_POINT_FILTERING UNITY_NO_DXT5nm UNITY_NO_FULL_STANDARD_SHADER UNITY_NO_SCREENSPACE_SHADOWS UNITY_PBS_USE_BRDF2 UNITY_PBS_USE_BRDF3 UNITY_PRETRANSFORM_TO_DISPLAY_ORIENTATION UNITY_UNIFIED_SHADER_PRECISION_MODEL UNITY_VIRTUAL_TEXTURING
Shader error in 'Unlit/Tracer': unrecognized identifier 'V2F_SHADOW_CASTER' at line 95 (on d3d11)

Compiling Subshader: 0, Pass: <Unnamed Pass 1>, Vertex program with <no keywords>
Platform defines: SHADER_API_DESKTOP UNITY_COLORSPACE_GAMMA UNITY_ENABLE_DETAIL_NORMALMAP UNITY_ENABLE_REFLECTION_BUFFERS UNITY_LIGHTMAP_FULL_HDR UNITY_LIGHT_PROBE_PROXY_VOLUME UNITY_PASS_SHADOWCASTER UNITY_PBS_USE_BRDF1 UNITY_SPECCUBE_BLENDING UNITY_SPECCUBE_BOX_PROJECTION UNITY_USE_DITHER_MASK_FOR_ALPHABLENDED_SHADOWS
Disabled keywords: SHADER_API_GLES30 UNITY_ASTC_NORMALMAP_ENCODING UNITY_ENABLE_NATIVE_SHADOW_LOOKUPS UNITY_FRAMEBUFFER_FETCH_AVAILABLE UNITY_HALF_PRECISION_FRAGMENT_SHADER_REGISTERS UNITY_HARDWARE_TIER1 UNITY_HARDWARE_TIER2 UNITY_HARDWARE_TIER3 UNITY_LIGHTMAP_DLDR_ENCODING UNITY_LIGHTMAP_RGBM_ENCODING UNITY_METAL_SHADOWS_USE_POINT_FILTERING UNITY_NO_DXT5nm UNITY_NO_FULL_STANDARD_SHADER UNITY_NO_SCREENSPACE_SHADOWS UNITY_PBS_USE_BRDF2 UNITY_PBS_USE_BRDF3 UNITY_PRETRANSFORM_TO_DISPLAY_ORIENTATION UNITY_UNIFIED_SHADER_PRECISION_MODEL UNITY_VIRTUAL_TEXTURING
 -> (artifact id: '838a3cc8f3a5feaace1fbac26901836e') in 0.091960 seconds 
========================================================================
Received Import Request.
  Time since last request: 0.000050 seconds.
  path: Assets/PlayerLeft.mat
  artifactKey: Guid(d5b9cb6caf48b9949aa77e68440f6b84) Importer(815301076,1909f56bfc062723c751e8b465ee728b)
Start importing Assets/PlayerLeft.mat using Guid(d5b9cb6caf48b9949aa77e68440f6b84) Importer(815301076,1909f56bfc062723c751e8b465ee728b) Shader error in 'Unlit/Tracer': unrecognized identifier 'V2F_SHADOW_CASTER' at line 95 (on d3d11)

Compiling Subshader: 0, Pass: <Unnamed Pass 1>, Vertex program with <no keywords>
Platform defines: SHADER_API_DESKTOP UNITY_COLORSPACE_GAMMA UNITY_ENABLE_DETAIL_NORMALMAP UNITY_ENABLE_REFLECTION_BUFFERS UNITY_LIGHTMAP_FULL_HDR UNITY_LIGHT_PROBE_PROXY_VOLUME UNITY_PASS_SHADOWCASTER UNITY_PBS_USE_BRDF1 UNITY_SPECCUBE_BLENDING UNITY_SPECCUBE_BOX_PROJECTION UNITY_USE_DITHER_MASK_FOR_ALPHABLENDED_SHADOWS
Disabled keywords: SHADER_API_GLES30 UNITY_ASTC_NORMALMAP_ENCODING UNITY_ENABLE_NATIVE_SHADOW_LOOKUPS UNITY_FRAMEBUFFER_FETCH_AVAILABLE UNITY_HALF_PRECISION_FRAGMENT_SHADER_REGISTERS UNITY_HARDWARE_TIER1 UNITY_HARDWARE_TIER2 UNITY_HARDWARE_TIER3 UNITY_LIGHTMAP_DLDR_ENCODING UNITY_LIGHTMAP_RGBM_ENCODING UNITY_METAL_SHADOWS_USE_POINT_FILTERING UNITY_NO_DXT5nm UNITY_NO_FULL_STANDARD_SHADER UNITY_NO_SCREENSPACE_SHADOWS UNITY_PBS_USE_BRDF2 UNITY_PBS_USE_BRDF3 UNITY_PRETRANSFORM_TO_DISPLAY_ORIENTATION UNITY_UNIFIED_SHADER_PRECISION_MODEL UNITY_VIRTUAL_TEXTURING
Shader error in 'Unlit/Tracer': unrecognized identifier 'V2F_SHADOW_CASTER' at line 95 (on d3d11)

Compiling Subshader: 0, Pass: <Unnamed Pass 1>, Vertex program with <no keywords>
Platform defines: SHADER_API_DESKTOP UNITY_COLORSPACE_GAMMA UNITY_ENABLE_DETAIL_NORMALMAP UNITY_ENABLE_REFLECTION_BUFFERS UNITY_LIGHTMAP_FULL_HDR UNITY_LIGHT_PROBE_PROXY_VOLUME UNITY_PASS_SHADOWCASTER UNITY_PBS_USE_BRDF1 UNITY_SPECCUBE_BLENDING UNITY_SPECCUBE_BOX_PROJECTION UNITY_USE_DITHER_MASK_FOR_ALPHABLENDED_SHADOWS
Disabled keywords: SHADER_API_GLES30 UNITY_ASTC_NORMALMAP_ENCODING UNITY_ENABLE_NATIVE_SHADOW_LOOKUPS UNITY_FRAMEBUFFER_FETCH_AVAILABLE UNITY_HALF_PRECISION_FRAGMENT_SHADER_REGISTERS UNITY_HARDWARE_TIER1 UNITY_HARDWARE_TIER2 UNITY_HARDWARE_TIER3 UNITY_LIGHTMAP_DLDR_ENCODING UNITY_LIGHTMAP_RGBM_ENCODING UNITY_METAL_SHADOWS_USE_POINT_FILTERING UNITY_NO_DXT5nm UNITY_NO_FULL_STANDARD_SHADER UNITY_NO_SCREENSPACE_SHADOWS UNITY_PBS_USE_BRDF2 UNITY_PBS_USE_BRDF3 UNITY_PRETRANSFORM_TO_DISPLAY_ORIENTATION UNITY_UNIFIED_SHADER_PRECISION_MODEL UNITY_VIRTUAL_TEXTURING
 -> (artifact id: '7cb3e03d2ebe7c1910ce6d5b008d8507') in 0.017552 seconds 
