Using pre-set license
Built from '2021.3/staging' branch; Version is '2021.3.5f1 (40eb3a945986) revision 4254522'; Using compiler version '192829333'; Build Type 'Release'
OS: 'Windows 11  (10.0.22000) 64bit CoreSingleLanguage' Language: 'pt' Physical Memory: 8101 MB
BatchMode: 1, IsHumanControllingUs: 0, StartBugReporterOnCrash: 0, Is64bit: 1, IsPro: 1

COMMAND LINE ARGUMENTS:
C:\Program Files\Unity\Hub\Editor\2021.3.5f1\Editor\Unity.exe
-adb2
-batchMode
-noUpm
-name
AssetImportWorker2
-projectPath
D:/Documents/Mateus/Sem07/CG/Pong
-logFile
Logs/AssetImportWorker2.log
-srvPort
57883
Successfully changed project path to: D:/Documents/Mateus/Sem07/CG/Pong
D:/Documents/Mateus/Sem07/CG/Pong
[UnityMemory] Configuration Parameters - Can be set up in boot.config
    "memorysetup-bucket-allocator-granularity=16"
    "memorysetup-bucket-allocator-bucket-count=8"
    "memorysetup-bucket-allocator-block-size=33554432"
    "memorysetup-bucket-allocator-block-count=8"
    "memorysetup-main-allocator-block-size=16777216"
    "memorysetup-thread-allocator-block-size=16777216"
    "memorysetup-gfx-main-allocator-block-size=16777216"
    "memorysetup-gfx-thread-allocator-block-size=16777216"
    "memorysetup-cache-allocator-block-size=4194304"
    "memorysetup-typetree-allocator-block-size=2097152"
    "memorysetup-profiler-bucket-allocator-granularity=16"
    "memorysetup-profiler-bucket-allocator-bucket-count=8"
    "memorysetup-profiler-bucket-allocator-block-size=33554432"
    "memorysetup-profiler-bucket-allocator-block-count=8"
    "memorysetup-profiler-allocator-block-size=16777216"
    "memorysetup-profiler-editor-allocator-block-size=1048576"
    "memorysetup-temp-allocator-size-main=16777216"
    "memorysetup-job-temp-allocator-block-size=2097152"
    "memorysetup-job-temp-allocator-block-size-background=1048576"
    "memorysetup-job-temp-allocator-reduction-small-platforms=262144"
    "memorysetup-temp-allocator-size-background-worker=32768"
    "memorysetup-temp-allocator-size-job-worker=262144"
    "memorysetup-temp-allocator-size-preload-manager=33554432"
    "memorysetup-temp-allocator-size-nav-mesh-worker=65536"
    "memorysetup-temp-allocator-size-audio-worker=65536"
    "memorysetup-temp-allocator-size-cloud-worker=32768"
    "memorysetup-temp-allocator-size-gi-baking-worker=262144"
    "memorysetup-temp-allocator-size-gfx=262144"
Refreshing native plugins compatible for Editor in 90.12 ms, found 3 plugins.
Preloading 0 native plugins for Editor in 0.00 ms.
Initialize engine version: 2021.3.5f1 (40eb3a945986)
[Subsystems] Discovering subsystems at path C:/Program Files/Unity/Hub/Editor/2021.3.5f1/Editor/Data/Resources/UnitySubsystems
[Subsystems] Discovering subsystems at path D:/Documents/Mateus/Sem07/CG/Pong/Assets
GfxDevice: creating device client; threaded=0; jobified=0
Direct3D:
    Version:  Direct3D 11.0 [level 11.1]
    Renderer: NVIDIA GeForce MX150 (ID=0x1d10)
    Vendor:   NVIDIA
    VRAM:     1983 MB
    Driver:   30.0.15.1215
Initialize mono
Mono path[0] = 'C:/Program Files/Unity/Hub/Editor/2021.3.5f1/Editor/Data/Managed'
Mono path[1] = 'C:/Program Files/Unity/Hub/Editor/2021.3.5f1/Editor/Data/MonoBleedingEdge/lib/mono/unityjit-win32'
Mono config path = 'C:/Program Files/Unity/Hub/Editor/2021.3.5f1/Editor/Data/MonoBleedingEdge/etc'
Using monoOptions --debugger-agent=transport=dt_socket,embedding=1,server=y,suspend=n,address=127.0.0.1:56896
Begin MonoManager ReloadAssembly
Registering precompiled unity dll's ...
Register platform support module: C:/Program Files/Unity/Hub/Editor/2021.3.5f1/Editor/Data/PlaybackEngines/WebGLSupport/UnityEditor.WebGL.Extensions.dll
Register platform support module: C:/Program Files/Unity/Hub/Editor/2021.3.5f1/Editor/Data/PlaybackEngines/WindowsStandaloneSupport/UnityEditor.WindowsStandalone.Extensions.dll
Registered in 0.032859 seconds.
Native extension for WindowsStandalone target not found
Native extension for WebGL target not found
Refreshing native plugins compatible for Editor in 92.23 ms, found 3 plugins.
Preloading 0 native plugins for Editor in 0.00 ms.
Mono: successfully reloaded assembly
- Completed reload, in  0.933 seconds
Domain Reload Profiling:
	ReloadAssembly (933ms)
		BeginReloadAssembly (121ms)
			ExecutionOrderSort (0ms)
			DisableScriptedObjects (0ms)
			BackupInstance (0ms)
			ReleaseScriptingObjects (0ms)
			CreateAndSetChildDomain (1ms)
		EndReloadAssembly (621ms)
			LoadAssemblies (118ms)
			RebuildTransferFunctionScriptingTraits (0ms)
			SetupTypeCache (240ms)
			ReleaseScriptCaches (0ms)
			RebuildScriptCaches (34ms)
			SetupLoadedEditorAssemblies (294ms)
				LogAssemblyErrors (0ms)
				InitializePlatformSupportModulesInManaged (9ms)
				SetLoadedEditorAssemblies (0ms)
				RefreshPlugins (92ms)
				BeforeProcessingInitializeOnLoad (1ms)
				ProcessInitializeOnLoadAttributes (133ms)
				ProcessInitializeOnLoadMethodAttributes (58ms)
				AfterProcessingInitializeOnLoad (0ms)
				EditorAssembliesLoaded (0ms)
			ExecutionOrderSort2 (0ms)
			AwakeInstancesAfterBackupRestoration (0ms)
Platform modules already initialized, skipping
Registering precompiled user dll's ...
Registered in 0.005150 seconds.
Begin MonoManager ReloadAssembly
Native extension for WindowsStandalone target not found
Native extension for WebGL target not found
Refreshing native plugins compatible for Editor in 0.65 ms, found 3 plugins.
Preloading 0 native plugins for Editor in 0.00 ms.
Mono: successfully reloaded assembly
- Completed reload, in  3.356 seconds
Domain Reload Profiling:
	ReloadAssembly (3357ms)
		BeginReloadAssembly (127ms)
			ExecutionOrderSort (0ms)
			DisableScriptedObjects (7ms)
			BackupInstance (0ms)
			ReleaseScriptingObjects (0ms)
			CreateAndSetChildDomain (22ms)
		EndReloadAssembly (2643ms)
			LoadAssemblies (1827ms)
			RebuildTransferFunctionScriptingTraits (0ms)
			SetupTypeCache (319ms)
			ReleaseScriptCaches (1ms)
			RebuildScriptCaches (52ms)
			SetupLoadedEditorAssemblies (394ms)
				LogAssemblyErrors (0ms)
				InitializePlatformSupportModulesInManaged (8ms)
				SetLoadedEditorAssemblies (1ms)
				RefreshPlugins (1ms)
				BeforeProcessingInitializeOnLoad (93ms)
				ProcessInitializeOnLoadAttributes (231ms)
				ProcessInitializeOnLoadMethodAttributes (51ms)
				AfterProcessingInitializeOnLoad (9ms)
				EditorAssembliesLoaded (0ms)
			ExecutionOrderSort2 (0ms)
			AwakeInstancesAfterBackupRestoration (12ms)
Platform modules already initialized, skipping
========================================================================
Worker process is ready to serve import requests
Launched and connected shader compiler UnityShaderCompiler.exe after 0.06 seconds
Refreshing native plugins compatible for Editor in 1.06 ms, found 3 plugins.
Preloading 0 native plugins for Editor in 0.00 ms.
Unloading 3373 Unused Serialized files (Serialized files now loaded: 0)
Unloading 27 unused Assets / (111.8 KB). Loaded Objects now: 3833.
Memory consumption went from 117.4 MB to 117.3 MB.
Total: 6.920300 ms (FindLiveObjects: 0.429300 ms CreateObjectMapping: 0.328600 ms MarkObjects: 5.947000 ms  DeleteObjects: 0.213500 ms)

AssetImportParameters requested are different than current active one (requested -> active):
  custom:video-decoder-ogg-theora: a1e56fd34408186e4bbccfd4996cb3dc -> 
  custom:container-muxer-webm: aa71ff27fc2769a1b78a27578f13a17b -> 
  custom:container-demuxer-webm: 4f35f7cbe854078d1ac9338744f61a02 -> 
  custom:video-encoder-webm-vp8: eb34c28f22e8b96e1ab97ce403110664 -> 
  custom:video-codec-MediaFoundation-h265: 746d11721c4dcdbdad8f713fa42b33f4 -> 
  custom:audio-encoder-webm-vorbis: bf7c407c2cedff20999df2af8eb42d56 -> 
  custom:framework-win-MediaFoundation: 216162199b28c13a410421893ffa2e32 -> 
  custom:container-demuxer-ogg: 62fdf1f143b41e24485cea50d1cbac27 -> 
  custom:video-decoder-webm-vp8: 9c59270c3fd7afecdb556c50c9e8de78 -> 
  custom:audio-decoder-ogg-vorbis: bf7c407c2cedff20999df2af8eb42d56 -> 
========================================================================
Received Import Request.
  Time since last request: 1048103.027801 seconds.
  path: Assets/RayTracer.shader
  artifactKey: Guid(406bd3c8744ae4045b8255a3a3811f5d) Importer(815301076,1909f56bfc062723c751e8b465ee728b)
Start importing Assets/RayTracer.shader using Guid(406bd3c8744ae4045b8255a3a3811f5d) Importer(815301076,1909f56bfc062723c751e8b465ee728b)  -> (artifact id: '95b19bec1ecbb48fb744287ecbc74cd2') in 0.068698 seconds 
========================================================================
Received Import Request.
  Time since last request: 156.745903 seconds.
  path: Assets/Tracer.shader
  artifactKey: Guid(2ab89eefb08c16a4d98463d56aac243a) Importer(815301076,1909f56bfc062723c751e8b465ee728b)
Start importing Assets/Tracer.shader using Guid(2ab89eefb08c16a4d98463d56aac243a) Importer(815301076,1909f56bfc062723c751e8b465ee728b)  -> (artifact id: 'd09adc1ba792d33f4aa7fd562a9dc0a3') in 0.005184 seconds 
========================================================================
Received Import Request.
  Time since last request: 5848.543475 seconds.
  path: Assets/Tracer.shader
  artifactKey: Guid(2ab89eefb08c16a4d98463d56aac243a) Importer(815301076,1909f56bfc062723c751e8b465ee728b)
Start importing Assets/Tracer.shader using Guid(2ab89eefb08c16a4d98463d56aac243a) Importer(815301076,1909f56bfc062723c751e8b465ee728b)  -> (artifact id: 'ff6a7b01534882f38f5c90d543d91f91') in 0.094140 seconds 
========================================================================
Received Import Request.
  Time since last request: 34.288756 seconds.
  path: Assets/Tracer.shader
  artifactKey: Guid(2ab89eefb08c16a4d98463d56aac243a) Importer(815301076,1909f56bfc062723c751e8b465ee728b)
Start importing Assets/Tracer.shader using Guid(2ab89eefb08c16a4d98463d56aac243a) Importer(815301076,1909f56bfc062723c751e8b465ee728b)  -> (artifact id: '75f19da9906acd0eee4854bf38ed3aef') in 0.004868 seconds 
========================================================================
Received Import Request.
  Time since last request: 54.008145 seconds.
  path: Assets/Tracer.shader
  artifactKey: Guid(2ab89eefb08c16a4d98463d56aac243a) Importer(815301076,1909f56bfc062723c751e8b465ee728b)
Start importing Assets/Tracer.shader using Guid(2ab89eefb08c16a4d98463d56aac243a) Importer(815301076,1909f56bfc062723c751e8b465ee728b)  -> (artifact id: '87c6177dc0d0ae1f6a4417da87c3a954') in 0.095281 seconds 
========================================================================
Received Import Request.
  Time since last request: 13.425246 seconds.
  path: Assets/Tracer.shader
  artifactKey: Guid(2ab89eefb08c16a4d98463d56aac243a) Importer(815301076,1909f56bfc062723c751e8b465ee728b)
Start importing Assets/Tracer.shader using Guid(2ab89eefb08c16a4d98463d56aac243a) Importer(815301076,1909f56bfc062723c751e8b465ee728b)  -> (artifact id: '607b23cc437cb40052b56e954cf1eb66') in 0.025924 seconds 
========================================================================
Received Import Request.
  Time since last request: 10.000845 seconds.
  path: Assets/Tracer.shader
  artifactKey: Guid(2ab89eefb08c16a4d98463d56aac243a) Importer(815301076,1909f56bfc062723c751e8b465ee728b)
Start importing Assets/Tracer.shader using Guid(2ab89eefb08c16a4d98463d56aac243a) Importer(815301076,1909f56bfc062723c751e8b465ee728b)  -> (artifact id: '13f87be05d9b4e26ef29ca3638fb623c') in 0.022490 seconds 
========================================================================
Received Prepare
Registering precompiled user dll's ...
Registered in 0.011218 seconds.
Begin MonoManager ReloadAssembly
Native extension for WindowsStandalone target not found
Native extension for WebGL target not found
Refreshing native plugins compatible for Editor in 1.74 ms, found 3 plugins.
Preloading 0 native plugins for Editor in 0.00 ms.
Mono: successfully reloaded assembly
- Completed reload, in  7.554 seconds
Domain Reload Profiling:
	ReloadAssembly (7564ms)
		BeginReloadAssembly (2284ms)
			ExecutionOrderSort (0ms)
			DisableScriptedObjects (103ms)
			BackupInstance (0ms)
			ReleaseScriptingObjects (0ms)
			CreateAndSetChildDomain (956ms)
		EndReloadAssembly (4654ms)
			LoadAssemblies (2675ms)
			RebuildTransferFunctionScriptingTraits (1ms)
			SetupTypeCache (1074ms)
			ReleaseScriptCaches (3ms)
			RebuildScriptCaches (129ms)
			SetupLoadedEditorAssemblies (1071ms)
				LogAssemblyErrors (0ms)
				InitializePlatformSupportModulesInManaged (44ms)
				SetLoadedEditorAssemblies (4ms)
				RefreshPlugins (2ms)
				BeforeProcessingInitializeOnLoad (190ms)
				ProcessInitializeOnLoadAttributes (711ms)
				ProcessInitializeOnLoadMethodAttributes (96ms)
				AfterProcessingInitializeOnLoad (22ms)
				EditorAssembliesLoaded (1ms)
			ExecutionOrderSort2 (0ms)
			AwakeInstancesAfterBackupRestoration (60ms)
Platform modules already initialized, skipping
Refreshing native plugins compatible for Editor in 80.16 ms, found 3 plugins.
Preloading 0 native plugins for Editor in 0.00 ms.
Unloading 3368 Unused Serialized files (Serialized files now loaded: 0)
Unloading 21 unused Assets / (102.8 KB). Loaded Objects now: 3836.
Memory consumption went from 117.4 MB to 117.3 MB.
Total: 9.450400 ms (FindLiveObjects: 1.102800 ms CreateObjectMapping: 0.454100 ms MarkObjects: 7.643400 ms  DeleteObjects: 0.221300 ms)

AssetImportParameters requested are different than current active one (requested -> active):
  custom:video-decoder-ogg-theora: a1e56fd34408186e4bbccfd4996cb3dc -> 
  custom:container-muxer-webm: aa71ff27fc2769a1b78a27578f13a17b -> 
  custom:container-demuxer-webm: 4f35f7cbe854078d1ac9338744f61a02 -> 
  custom:video-encoder-webm-vp8: eb34c28f22e8b96e1ab97ce403110664 -> 
  custom:video-codec-MediaFoundation-h265: 746d11721c4dcdbdad8f713fa42b33f4 -> 
  custom:audio-encoder-webm-vorbis: bf7c407c2cedff20999df2af8eb42d56 -> 
  custom:framework-win-MediaFoundation: 216162199b28c13a410421893ffa2e32 -> 
  custom:container-demuxer-ogg: 62fdf1f143b41e24485cea50d1cbac27 -> 
  custom:video-decoder-webm-vp8: 9c59270c3fd7afecdb556c50c9e8de78 -> 
  custom:audio-decoder-ogg-vorbis: bf7c407c2cedff20999df2af8eb42d56 -> 
========================================================================
Received Import Request.
  Time since last request: 1216.767496 seconds.
  path: Assets/ArenaBorder.mat
  artifactKey: Guid(9f2b6131e29ae1f49897cbebc3b1288e) Importer(815301076,1909f56bfc062723c751e8b465ee728b)
Start importing Assets/ArenaBorder.mat using Guid(9f2b6131e29ae1f49897cbebc3b1288e) Importer(815301076,1909f56bfc062723c751e8b465ee728b)  -> (artifact id: '9585eb1d73ae06ef7de08897a1a95858') in 0.669631 seconds 
========================================================================
Received Import Request.
  Time since last request: 0.000054 seconds.
  path: Assets/PlayerLeft.mat
  artifactKey: Guid(d5b9cb6caf48b9949aa77e68440f6b84) Importer(815301076,1909f56bfc062723c751e8b465ee728b)
Start importing Assets/PlayerLeft.mat using Guid(d5b9cb6caf48b9949aa77e68440f6b84) Importer(815301076,1909f56bfc062723c751e8b465ee728b)  -> (artifact id: 'e75c24c0d27d669fbd2d18c55b71ecef') in 0.025109 seconds 
========================================================================
Received Import Request.
  Time since last request: 0.000078 seconds.
  path: Assets/PlayerRight.mat
  artifactKey: Guid(5af6a85c15f8db141b4849411f3f66b2) Importer(815301076,1909f56bfc062723c751e8b465ee728b)
Start importing Assets/PlayerRight.mat using Guid(5af6a85c15f8db141b4849411f3f66b2) Importer(815301076,1909f56bfc062723c751e8b465ee728b)  -> (artifact id: '1f733a08f361ca7f2e5b1384790b5adc') in 0.024922 seconds 
========================================================================
Received Import Request.
  Time since last request: 203.203327 seconds.
  path: Assets/ArenaBorder.mat
  artifactKey: Guid(9f2b6131e29ae1f49897cbebc3b1288e) Importer(815301076,1909f56bfc062723c751e8b465ee728b)
Start importing Assets/ArenaBorder.mat using Guid(9f2b6131e29ae1f49897cbebc3b1288e) Importer(815301076,1909f56bfc062723c751e8b465ee728b) Shader error in 'Unlit/Tracer': undeclared identifier '_WorldSpaceLightPos1' at line 127 (on d3d11)

Compiling Subshader: 0, Pass: <Unnamed Pass 1>, Vertex program with POINT
Platform defines: SHADER_API_DESKTOP UNITY_COLORSPACE_GAMMA UNITY_ENABLE_DETAIL_NORMALMAP UNITY_ENABLE_REFLECTION_BUFFERS UNITY_LIGHTMAP_FULL_HDR UNITY_LIGHT_PROBE_PROXY_VOLUME UNITY_PBS_USE_BRDF1 UNITY_SPECCUBE_BLENDING UNITY_SPECCUBE_BOX_PROJECTION UNITY_USE_DITHER_MASK_FOR_ALPHABLENDED_SHADOWS
Disabled keywords: DIRECTIONAL DIRECTIONAL_COOKIE LIGHTMAP_SHADOW_MIXING POINT_COOKIE SHADER_API_GLES30 SHADOWS_CUBE SHADOWS_DEPTH SHADOWS_SCREEN SHADOWS_SHADOWMASK SHADOWS_SOFT SPOT UNITY_ASTC_NORMALMAP_ENCODING UNITY_ENABLE_NATIVE_SHADOW_LOOKUPS UNITY_FRAMEBUFFER_FETCH_AVAILABLE UNITY_HALF_PRECISION_FRAGMENT_SHADER_REGISTERS UNITY_HARDWARE_TIER1 UNITY_HARDWARE_TIER2 UNITY_HARDWARE_TIER3 UNITY_LIGHTMAP_DLDR_ENCODING UNITY_LIGHTMAP_RGBM_ENCODING UNITY_METAL_SHADOWS_USE_POINT_FILTERING UNITY_NO_DXT5nm UNITY_NO_FULL_STANDARD_SHADER UNITY_NO_SCREENSPACE_SHADOWS UNITY_PBS_USE_BRDF2 UNITY_PBS_USE_BRDF3 UNITY_PRETRANSFORM_TO_DISPLAY_ORIENTATION UNITY_UNIFIED_SHADER_PRECISION_MODEL UNITY_VIRTUAL_TEXTURING
Shader warning in 'Unlit/Tracer': Output value 'vert' is not completely initialized at line 43 (on d3d11)

Compiling Subshader: 0, Pass: <Unnamed Pass 0>, Vertex program with POINT
Platform defines: SHADER_API_DESKTOP UNITY_COLORSPACE_GAMMA UNITY_ENABLE_DETAIL_NORMALMAP UNITY_ENABLE_REFLECTION_BUFFERS UNITY_LIGHTMAP_FULL_HDR UNITY_LIGHT_PROBE_PROXY_VOLUME UNITY_PBS_USE_BRDF1 UNITY_SPECCUBE_BLENDING UNITY_SPECCUBE_BOX_PROJECTION UNITY_USE_DITHER_MASK_FOR_ALPHABLENDED_SHADOWS
Disabled keywords: DIRECTIONAL DIRECTIONAL_COOKIE LIGHTMAP_SHADOW_MIXING POINT_COOKIE SHADER_API_GLES30 SHADOWS_CUBE SHADOWS_DEPTH SHADOWS_SCREEN SHADOWS_SHADOWMASK SHADOWS_SOFT SPOT UNITY_ASTC_NORMALMAP_ENCODING UNITY_ENABLE_NATIVE_SHADOW_LOOKUPS UNITY_FRAMEBUFFER_FETCH_AVAILABLE UNITY_HALF_PRECISION_FRAGMENT_SHADER_REGISTERS UNITY_HARDWARE_TIER1 UNITY_HARDWARE_TIER2 UNITY_HARDWARE_TIER3 UNITY_LIGHTMAP_DLDR_ENCODING UNITY_LIGHTMAP_RGBM_ENCODING UNITY_METAL_SHADOWS_USE_POINT_FILTERING UNITY_NO_DXT5nm UNITY_NO_FULL_STANDARD_SHADER UNITY_NO_SCREENSPACE_SHADOWS UNITY_PBS_USE_BRDF2 UNITY_PBS_USE_BRDF3 UNITY_PRETRANSFORM_TO_DISPLAY_ORIENTATION UNITY_UNIFIED_SHADER_PRECISION_MODEL UNITY_VIRTUAL_TEXTURING
Shader error in 'Unlit/Tracer': undeclared identifier '_WorldSpaceLightPos1' at line 127 (on d3d11)

Compiling Subshader: 0, Pass: <Unnamed Pass 1>, Vertex program with POINT
Platform defines: SHADER_API_DESKTOP UNITY_COLORSPACE_GAMMA UNITY_ENABLE_DETAIL_NORMALMAP UNITY_ENABLE_REFLECTION_BUFFERS UNITY_LIGHTMAP_FULL_HDR UNITY_LIGHT_PROBE_PROXY_VOLUME UNITY_PBS_USE_BRDF1 UNITY_SPECCUBE_BLENDING UNITY_SPECCUBE_BOX_PROJECTION UNITY_USE_DITHER_MASK_FOR_ALPHABLENDED_SHADOWS
Disabled keywords: DIRECTIONAL DIRECTIONAL_COOKIE LIGHTMAP_SHADOW_MIXING POINT_COOKIE SHADER_API_GLES30 SHADOWS_CUBE SHADOWS_DEPTH SHADOWS_SCREEN SHADOWS_SHADOWMASK SHADOWS_SOFT SPOT UNITY_ASTC_NORMALMAP_ENCODING UNITY_ENABLE_NATIVE_SHADOW_LOOKUPS UNITY_FRAMEBUFFER_FETCH_AVAILABLE UNITY_HALF_PRECISION_FRAGMENT_SHADER_REGISTERS UNITY_HARDWARE_TIER1 UNITY_HARDWARE_TIER2 UNITY_HARDWARE_TIER3 UNITY_LIGHTMAP_DLDR_ENCODING UNITY_LIGHTMAP_RGBM_ENCODING UNITY_METAL_SHADOWS_USE_POINT_FILTERING UNITY_NO_DXT5nm UNITY_NO_FULL_STANDARD_SHADER UNITY_NO_SCREENSPACE_SHADOWS UNITY_PBS_USE_BRDF2 UNITY_PBS_USE_BRDF3 UNITY_PRETRANSFORM_TO_DISPLAY_ORIENTATION UNITY_UNIFIED_SHADER_PRECISION_MODEL UNITY_VIRTUAL_TEXTURING
Shader warning in 'Unlit/Tracer': Output value 'vert' is not completely initialized at line 43 (on d3d11)

Compiling Subshader: 0, Pass: <Unnamed Pass 0>, Vertex program with POINT
Platform defines: SHADER_API_DESKTOP UNITY_COLORSPACE_GAMMA UNITY_ENABLE_DETAIL_NORMALMAP UNITY_ENABLE_REFLECTION_BUFFERS UNITY_LIGHTMAP_FULL_HDR UNITY_LIGHT_PROBE_PROXY_VOLUME UNITY_PBS_USE_BRDF1 UNITY_SPECCUBE_BLENDING UNITY_SPECCUBE_BOX_PROJECTION UNITY_USE_DITHER_MASK_FOR_ALPHABLENDED_SHADOWS
Disabled keywords: DIRECTIONAL DIRECTIONAL_COOKIE LIGHTMAP_SHADOW_MIXING POINT_COOKIE SHADER_API_GLES30 SHADOWS_CUBE SHADOWS_DEPTH SHADOWS_SCREEN SHADOWS_SHADOWMASK SHADOWS_SOFT SPOT UNITY_ASTC_NORMALMAP_ENCODING UNITY_ENABLE_NATIVE_SHADOW_LOOKUPS UNITY_FRAMEBUFFER_FETCH_AVAILABLE UNITY_HALF_PRECISION_FRAGMENT_SHADER_REGISTERS UNITY_HARDWARE_TIER1 UNITY_HARDWARE_TIER2 UNITY_HARDWARE_TIER3 UNITY_LIGHTMAP_DLDR_ENCODING UNITY_LIGHTMAP_RGBM_ENCODING UNITY_METAL_SHADOWS_USE_POINT_FILTERING UNITY_NO_DXT5nm UNITY_NO_FULL_STANDARD_SHADER UNITY_NO_SCREENSPACE_SHADOWS UNITY_PBS_USE_BRDF2 UNITY_PBS_USE_BRDF3 UNITY_PRETRANSFORM_TO_DISPLAY_ORIENTATION UNITY_UNIFIED_SHADER_PRECISION_MODEL UNITY_VIRTUAL_TEXTURING
 -> (artifact id: 'a648c643c910050b9abc9460f91e606e') in 0.146901 seconds 
========================================================================
Received Import Request.
  Time since last request: 0.000026 seconds.
  path: Assets/PlayerLeft.mat
  artifactKey: Guid(d5b9cb6caf48b9949aa77e68440f6b84) Importer(815301076,1909f56bfc062723c751e8b465ee728b)
Start importing Assets/PlayerLeft.mat using Guid(d5b9cb6caf48b9949aa77e68440f6b84) Importer(815301076,1909f56bfc062723c751e8b465ee728b) Shader error in 'Unlit/Tracer': undeclared identifier '_WorldSpaceLightPos1' at line 127 (on d3d11)

Compiling Subshader: 0, Pass: <Unnamed Pass 1>, Vertex program with POINT
Platform defines: SHADER_API_DESKTOP UNITY_COLORSPACE_GAMMA UNITY_ENABLE_DETAIL_NORMALMAP UNITY_ENABLE_REFLECTION_BUFFERS UNITY_LIGHTMAP_FULL_HDR UNITY_LIGHT_PROBE_PROXY_VOLUME UNITY_PBS_USE_BRDF1 UNITY_SPECCUBE_BLENDING UNITY_SPECCUBE_BOX_PROJECTION UNITY_USE_DITHER_MASK_FOR_ALPHABLENDED_SHADOWS
Disabled keywords: DIRECTIONAL DIRECTIONAL_COOKIE LIGHTMAP_SHADOW_MIXING POINT_COOKIE SHADER_API_GLES30 SHADOWS_CUBE SHADOWS_DEPTH SHADOWS_SCREEN SHADOWS_SHADOWMASK SHADOWS_SOFT SPOT UNITY_ASTC_NORMALMAP_ENCODING UNITY_ENABLE_NATIVE_SHADOW_LOOKUPS UNITY_FRAMEBUFFER_FETCH_AVAILABLE UNITY_HALF_PRECISION_FRAGMENT_SHADER_REGISTERS UNITY_HARDWARE_TIER1 UNITY_HARDWARE_TIER2 UNITY_HARDWARE_TIER3 UNITY_LIGHTMAP_DLDR_ENCODING UNITY_LIGHTMAP_RGBM_ENCODING UNITY_METAL_SHADOWS_USE_POINT_FILTERING UNITY_NO_DXT5nm UNITY_NO_FULL_STANDARD_SHADER UNITY_NO_SCREENSPACE_SHADOWS UNITY_PBS_USE_BRDF2 UNITY_PBS_USE_BRDF3 UNITY_PRETRANSFORM_TO_DISPLAY_ORIENTATION UNITY_UNIFIED_SHADER_PRECISION_MODEL UNITY_VIRTUAL_TEXTURING
Shader warning in 'Unlit/Tracer': Output value 'vert' is not completely initialized at line 43 (on d3d11)

Compiling Subshader: 0, Pass: <Unnamed Pass 0>, Vertex program with POINT
Platform defines: SHADER_API_DESKTOP UNITY_COLORSPACE_GAMMA UNITY_ENABLE_DETAIL_NORMALMAP UNITY_ENABLE_REFLECTION_BUFFERS UNITY_LIGHTMAP_FULL_HDR UNITY_LIGHT_PROBE_PROXY_VOLUME UNITY_PBS_USE_BRDF1 UNITY_SPECCUBE_BLENDING UNITY_SPECCUBE_BOX_PROJECTION UNITY_USE_DITHER_MASK_FOR_ALPHABLENDED_SHADOWS
Disabled keywords: DIRECTIONAL DIRECTIONAL_COOKIE LIGHTMAP_SHADOW_MIXING POINT_COOKIE SHADER_API_GLES30 SHADOWS_CUBE SHADOWS_DEPTH SHADOWS_SCREEN SHADOWS_SHADOWMASK SHADOWS_SOFT SPOT UNITY_ASTC_NORMALMAP_ENCODING UNITY_ENABLE_NATIVE_SHADOW_LOOKUPS UNITY_FRAMEBUFFER_FETCH_AVAILABLE UNITY_HALF_PRECISION_FRAGMENT_SHADER_REGISTERS UNITY_HARDWARE_TIER1 UNITY_HARDWARE_TIER2 UNITY_HARDWARE_TIER3 UNITY_LIGHTMAP_DLDR_ENCODING UNITY_LIGHTMAP_RGBM_ENCODING UNITY_METAL_SHADOWS_USE_POINT_FILTERING UNITY_NO_DXT5nm UNITY_NO_FULL_STANDARD_SHADER UNITY_NO_SCREENSPACE_SHADOWS UNITY_PBS_USE_BRDF2 UNITY_PBS_USE_BRDF3 UNITY_PRETRANSFORM_TO_DISPLAY_ORIENTATION UNITY_UNIFIED_SHADER_PRECISION_MODEL UNITY_VIRTUAL_TEXTURING
Shader error in 'Unlit/Tracer': undeclared identifier '_WorldSpaceLightPos1' at line 127 (on d3d11)

Compiling Subshader: 0, Pass: <Unnamed Pass 1>, Vertex program with POINT
Platform defines: SHADER_API_DESKTOP UNITY_COLORSPACE_GAMMA UNITY_ENABLE_DETAIL_NORMALMAP UNITY_ENABLE_REFLECTION_BUFFERS UNITY_LIGHTMAP_FULL_HDR UNITY_LIGHT_PROBE_PROXY_VOLUME UNITY_PBS_USE_BRDF1 UNITY_SPECCUBE_BLENDING UNITY_SPECCUBE_BOX_PROJECTION UNITY_USE_DITHER_MASK_FOR_ALPHABLENDED_SHADOWS
Disabled keywords: DIRECTIONAL DIRECTIONAL_COOKIE LIGHTMAP_SHADOW_MIXING POINT_COOKIE SHADER_API_GLES30 SHADOWS_CUBE SHADOWS_DEPTH SHADOWS_SCREEN SHADOWS_SHADOWMASK SHADOWS_SOFT SPOT UNITY_ASTC_NORMALMAP_ENCODING UNITY_ENABLE_NATIVE_SHADOW_LOOKUPS UNITY_FRAMEBUFFER_FETCH_AVAILABLE UNITY_HALF_PRECISION_FRAGMENT_SHADER_REGISTERS UNITY_HARDWARE_TIER1 UNITY_HARDWARE_TIER2 UNITY_HARDWARE_TIER3 UNITY_LIGHTMAP_DLDR_ENCODING UNITY_LIGHTMAP_RGBM_ENCODING UNITY_METAL_SHADOWS_USE_POINT_FILTERING UNITY_NO_DXT5nm UNITY_NO_FULL_STANDARD_SHADER UNITY_NO_SCREENSPACE_SHADOWS UNITY_PBS_USE_BRDF2 UNITY_PBS_USE_BRDF3 UNITY_PRETRANSFORM_TO_DISPLAY_ORIENTATION UNITY_UNIFIED_SHADER_PRECISION_MODEL UNITY_VIRTUAL_TEXTURING
Shader warning in 'Unlit/Tracer': Output value 'vert' is not completely initialized at line 43 (on d3d11)

Compiling Subshader: 0, Pass: <Unnamed Pass 0>, Vertex program with POINT
Platform defines: SHADER_API_DESKTOP UNITY_COLORSPACE_GAMMA UNITY_ENABLE_DETAIL_NORMALMAP UNITY_ENABLE_REFLECTION_BUFFERS UNITY_LIGHTMAP_FULL_HDR UNITY_LIGHT_PROBE_PROXY_VOLUME UNITY_PBS_USE_BRDF1 UNITY_SPECCUBE_BLENDING UNITY_SPECCUBE_BOX_PROJECTION UNITY_USE_DITHER_MASK_FOR_ALPHABLENDED_SHADOWS
Disabled keywords: DIRECTIONAL DIRECTIONAL_COOKIE LIGHTMAP_SHADOW_MIXING POINT_COOKIE SHADER_API_GLES30 SHADOWS_CUBE SHADOWS_DEPTH SHADOWS_SCREEN SHADOWS_SHADOWMASK SHADOWS_SOFT SPOT UNITY_ASTC_NORMALMAP_ENCODING UNITY_ENABLE_NATIVE_SHADOW_LOOKUPS UNITY_FRAMEBUFFER_FETCH_AVAILABLE UNITY_HALF_PRECISION_FRAGMENT_SHADER_REGISTERS UNITY_HARDWARE_TIER1 UNITY_HARDWARE_TIER2 UNITY_HARDWARE_TIER3 UNITY_LIGHTMAP_DLDR_ENCODING UNITY_LIGHTMAP_RGBM_ENCODING UNITY_METAL_SHADOWS_USE_POINT_FILTERING UNITY_NO_DXT5nm UNITY_NO_FULL_STANDARD_SHADER UNITY_NO_SCREENSPACE_SHADOWS UNITY_PBS_USE_BRDF2 UNITY_PBS_USE_BRDF3 UNITY_PRETRANSFORM_TO_DISPLAY_ORIENTATION UNITY_UNIFIED_SHADER_PRECISION_MODEL UNITY_VIRTUAL_TEXTURING
 -> (artifact id: 'b24ef60c6a60193aaf61bac6327558d5') in 0.027198 seconds 
========================================================================
Received Import Request.
  Time since last request: 77.463803 seconds.
  path: Assets/ArenaBorder.mat
  artifactKey: Guid(9f2b6131e29ae1f49897cbebc3b1288e) Importer(815301076,1909f56bfc062723c751e8b465ee728b)
Start importing Assets/ArenaBorder.mat using Guid(9f2b6131e29ae1f49897cbebc3b1288e) Importer(815301076,1909f56bfc062723c751e8b465ee728b)  -> (artifact id: '389972bf2e1da63e75b9ac5a29c6e817') in 0.052748 seconds 
========================================================================
Received Import Request.
  Time since last request: 0.000042 seconds.
  path: Assets/PlayerRight.mat
  artifactKey: Guid(5af6a85c15f8db141b4849411f3f66b2) Importer(815301076,1909f56bfc062723c751e8b465ee728b)
Start importing Assets/PlayerRight.mat using Guid(5af6a85c15f8db141b4849411f3f66b2) Importer(815301076,1909f56bfc062723c751e8b465ee728b)  -> (artifact id: '46e6106ec692e635facf062e68d3fd96') in 0.020012 seconds 
========================================================================
Received Import Request.
  Time since last request: 172.306558 seconds.
  path: Assets/ArenaBorder.mat
  artifactKey: Guid(9f2b6131e29ae1f49897cbebc3b1288e) Importer(815301076,1909f56bfc062723c751e8b465ee728b)
Start importing Assets/ArenaBorder.mat using Guid(9f2b6131e29ae1f49897cbebc3b1288e) Importer(815301076,1909f56bfc062723c751e8b465ee728b)  -> (artifact id: '10fa9250308f2fa7e251153e6eb93e47') in 0.070941 seconds 
========================================================================
Received Import Request.
  Time since last request: 0.000029 seconds.
  path: Assets/PlayerRight.mat
  artifactKey: Guid(5af6a85c15f8db141b4849411f3f66b2) Importer(815301076,1909f56bfc062723c751e8b465ee728b)
Start importing Assets/PlayerRight.mat using Guid(5af6a85c15f8db141b4849411f3f66b2) Importer(815301076,1909f56bfc062723c751e8b465ee728b)  -> (artifact id: '32610104f2d735e98b7a9fa2fb097ef9') in 0.013782 seconds 
========================================================================
Received Import Request.
  Time since last request: 104.176428 seconds.
  path: Assets/ArenaBorder.mat
  artifactKey: Guid(9f2b6131e29ae1f49897cbebc3b1288e) Importer(815301076,1909f56bfc062723c751e8b465ee728b)
Start importing Assets/ArenaBorder.mat using Guid(9f2b6131e29ae1f49897cbebc3b1288e) Importer(815301076,1909f56bfc062723c751e8b465ee728b)  -> (artifact id: 'c4d3cc726f429750103051bd645595f1') in 0.147203 seconds 
========================================================================
Received Import Request.
  Time since last request: 0.000041 seconds.
  path: Assets/PlayerRight.mat
  artifactKey: Guid(5af6a85c15f8db141b4849411f3f66b2) Importer(815301076,1909f56bfc062723c751e8b465ee728b)
Start importing Assets/PlayerRight.mat using Guid(5af6a85c15f8db141b4849411f3f66b2) Importer(815301076,1909f56bfc062723c751e8b465ee728b)  -> (artifact id: 'cf5f315b8ca99847e3a7aa1b1fdcad99') in 0.027714 seconds 
========================================================================
Received Import Request.
  Time since last request: 43.408207 seconds.
  path: Assets/ArenaBorder.mat
  artifactKey: Guid(9f2b6131e29ae1f49897cbebc3b1288e) Importer(815301076,1909f56bfc062723c751e8b465ee728b)
Start importing Assets/ArenaBorder.mat using Guid(9f2b6131e29ae1f49897cbebc3b1288e) Importer(815301076,1909f56bfc062723c751e8b465ee728b)  -> (artifact id: '4f39d582456f89e0736472164c0240de') in 0.114480 seconds 
========================================================================
Received Import Request.
  Time since last request: 0.000047 seconds.
  path: Assets/PlayerRight.mat
  artifactKey: Guid(5af6a85c15f8db141b4849411f3f66b2) Importer(815301076,1909f56bfc062723c751e8b465ee728b)
Start importing Assets/PlayerRight.mat using Guid(5af6a85c15f8db141b4849411f3f66b2) Importer(815301076,1909f56bfc062723c751e8b465ee728b)  -> (artifact id: '14573de973d793c4b1256c4ebfe36039') in 0.025631 seconds 
========================================================================
Received Import Request.
  Time since last request: 21.642279 seconds.
  path: Assets/ArenaBorder.mat
  artifactKey: Guid(9f2b6131e29ae1f49897cbebc3b1288e) Importer(815301076,1909f56bfc062723c751e8b465ee728b)
Start importing Assets/ArenaBorder.mat using Guid(9f2b6131e29ae1f49897cbebc3b1288e) Importer(815301076,1909f56bfc062723c751e8b465ee728b)  -> (artifact id: 'd569001f224a04b6d0a702b6a44ab441') in 0.137991 seconds 
========================================================================
Received Import Request.
  Time since last request: 0.000042 seconds.
  path: Assets/PlayerLeft.mat
  artifactKey: Guid(d5b9cb6caf48b9949aa77e68440f6b84) Importer(815301076,1909f56bfc062723c751e8b465ee728b)
Start importing Assets/PlayerLeft.mat using Guid(d5b9cb6caf48b9949aa77e68440f6b84) Importer(815301076,1909f56bfc062723c751e8b465ee728b)  -> (artifact id: 'be98419fece577a5dee6dc14c05e35bf') in 0.032350 seconds 
========================================================================
Received Import Request.
  Time since last request: 11.126910 seconds.
  path: Assets/ArenaBorder.mat
  artifactKey: Guid(9f2b6131e29ae1f49897cbebc3b1288e) Importer(815301076,1909f56bfc062723c751e8b465ee728b)
Start importing Assets/ArenaBorder.mat using Guid(9f2b6131e29ae1f49897cbebc3b1288e) Importer(815301076,1909f56bfc062723c751e8b465ee728b)  -> (artifact id: 'ee80360f9efbe02469d8e39f8d6101a1') in 0.234675 seconds 
========================================================================
Received Import Request.
  Time since last request: 0.000044 seconds.
  path: Assets/PlayerRight.mat
  artifactKey: Guid(5af6a85c15f8db141b4849411f3f66b2) Importer(815301076,1909f56bfc062723c751e8b465ee728b)
Start importing Assets/PlayerRight.mat using Guid(5af6a85c15f8db141b4849411f3f66b2) Importer(815301076,1909f56bfc062723c751e8b465ee728b)  -> (artifact id: '8e02c8a02f0411a93c51ac82c62bcfa2') in 0.025064 seconds 
========================================================================
Received Import Request.
  Time since last request: 133.635431 seconds.
  path: Assets/ArenaBorder.mat
  artifactKey: Guid(9f2b6131e29ae1f49897cbebc3b1288e) Importer(815301076,1909f56bfc062723c751e8b465ee728b)
Start importing Assets/ArenaBorder.mat using Guid(9f2b6131e29ae1f49897cbebc3b1288e) Importer(815301076,1909f56bfc062723c751e8b465ee728b)  -> (artifact id: '10977235cd673e8966bc7bc8f72e18a1') in 0.117842 seconds 
========================================================================
Received Import Request.
  Time since last request: 0.000029 seconds.
  path: Assets/PlayerRight.mat
  artifactKey: Guid(5af6a85c15f8db141b4849411f3f66b2) Importer(815301076,1909f56bfc062723c751e8b465ee728b)
Start importing Assets/PlayerRight.mat using Guid(5af6a85c15f8db141b4849411f3f66b2) Importer(815301076,1909f56bfc062723c751e8b465ee728b)  -> (artifact id: 'd320ed4b4a177e68686ba1149d1211da') in 0.013574 seconds 
========================================================================
Received Import Request.
  Time since last request: 35.987955 seconds.
  path: Assets/ArenaBorder.mat
  artifactKey: Guid(9f2b6131e29ae1f49897cbebc3b1288e) Importer(815301076,1909f56bfc062723c751e8b465ee728b)
Start importing Assets/ArenaBorder.mat using Guid(9f2b6131e29ae1f49897cbebc3b1288e) Importer(815301076,1909f56bfc062723c751e8b465ee728b)  -> (artifact id: 'ae0a6b7b4cef7f44ef70ae4062ef00c7') in 0.149337 seconds 
========================================================================
Received Import Request.
  Time since last request: 0.000040 seconds.
  path: Assets/PlayerRight.mat
  artifactKey: Guid(5af6a85c15f8db141b4849411f3f66b2) Importer(815301076,1909f56bfc062723c751e8b465ee728b)
Start importing Assets/PlayerRight.mat using Guid(5af6a85c15f8db141b4849411f3f66b2) Importer(815301076,1909f56bfc062723c751e8b465ee728b)  -> (artifact id: '80d921ec642888b155179de437d945f4') in 0.063026 seconds 
========================================================================
Received Import Request.
  Time since last request: 15.659190 seconds.
  path: Assets/ArenaBorder.mat
  artifactKey: Guid(9f2b6131e29ae1f49897cbebc3b1288e) Importer(815301076,1909f56bfc062723c751e8b465ee728b)
Start importing Assets/ArenaBorder.mat using Guid(9f2b6131e29ae1f49897cbebc3b1288e) Importer(815301076,1909f56bfc062723c751e8b465ee728b)  -> (artifact id: '79eae7e32547d9b2c00c7cbee0f63d17') in 0.122548 seconds 
========================================================================
Received Import Request.
  Time since last request: 0.000039 seconds.
  path: Assets/PlayerRight.mat
  artifactKey: Guid(5af6a85c15f8db141b4849411f3f66b2) Importer(815301076,1909f56bfc062723c751e8b465ee728b)
Start importing Assets/PlayerRight.mat using Guid(5af6a85c15f8db141b4849411f3f66b2) Importer(815301076,1909f56bfc062723c751e8b465ee728b)  -> (artifact id: 'd227f510130c0a75ddcb6e6b2d36125c') in 0.016746 seconds 
========================================================================
Received Import Request.
  Time since last request: 26.697121 seconds.
  path: Assets/ArenaBorder.mat
  artifactKey: Guid(9f2b6131e29ae1f49897cbebc3b1288e) Importer(815301076,1909f56bfc062723c751e8b465ee728b)
Start importing Assets/ArenaBorder.mat using Guid(9f2b6131e29ae1f49897cbebc3b1288e) Importer(815301076,1909f56bfc062723c751e8b465ee728b)  -> (artifact id: '85239ec13418f33bac41403a8783acde') in 0.033973 seconds 
========================================================================
Received Import Request.
  Time since last request: 0.000052 seconds.
  path: Assets/PlayerLeft.mat
  artifactKey: Guid(d5b9cb6caf48b9949aa77e68440f6b84) Importer(815301076,1909f56bfc062723c751e8b465ee728b)
Start importing Assets/PlayerLeft.mat using Guid(d5b9cb6caf48b9949aa77e68440f6b84) Importer(815301076,1909f56bfc062723c751e8b465ee728b)  -> (artifact id: '317b5416d31f10a83fda38edbd5fb128') in 0.030626 seconds 
========================================================================
Received Import Request.
  Time since last request: 12.182388 seconds.
  path: Assets/ArenaBorder.mat
  artifactKey: Guid(9f2b6131e29ae1f49897cbebc3b1288e) Importer(815301076,1909f56bfc062723c751e8b465ee728b)
Start importing Assets/ArenaBorder.mat using Guid(9f2b6131e29ae1f49897cbebc3b1288e) Importer(815301076,1909f56bfc062723c751e8b465ee728b)  -> (artifact id: '1fec97a4f4fdc5c21920ae69660ad438') in 0.177036 seconds 
========================================================================
Received Import Request.
  Time since last request: 0.000076 seconds.
  path: Assets/PlayerLeft.mat
  artifactKey: Guid(d5b9cb6caf48b9949aa77e68440f6b84) Importer(815301076,1909f56bfc062723c751e8b465ee728b)
Start importing Assets/PlayerLeft.mat using Guid(d5b9cb6caf48b9949aa77e68440f6b84) Importer(815301076,1909f56bfc062723c751e8b465ee728b)  -> (artifact id: 'ad9d725969569dc475128638d0a92959') in 0.031896 seconds 
========================================================================
Received Import Request.
  Time since last request: 56.013155 seconds.
  path: Assets/ArenaBorder.mat
  artifactKey: Guid(9f2b6131e29ae1f49897cbebc3b1288e) Importer(815301076,1909f56bfc062723c751e8b465ee728b)
Start importing Assets/ArenaBorder.mat using Guid(9f2b6131e29ae1f49897cbebc3b1288e) Importer(815301076,1909f56bfc062723c751e8b465ee728b)  -> (artifact id: '4fc911643a123053e2fa159c90994377') in 0.181776 seconds 
========================================================================
Received Import Request.
  Time since last request: 0.000045 seconds.
  path: Assets/PlayerRight.mat
  artifactKey: Guid(5af6a85c15f8db141b4849411f3f66b2) Importer(815301076,1909f56bfc062723c751e8b465ee728b)
Start importing Assets/PlayerRight.mat using Guid(5af6a85c15f8db141b4849411f3f66b2) Importer(815301076,1909f56bfc062723c751e8b465ee728b)  -> (artifact id: 'd3c7bb474b5aeb907cd82ba673767b6e') in 0.028915 seconds 
========================================================================
Received Import Request.
  Time since last request: 20.600750 seconds.
  path: Assets/ArenaBorder.mat
  artifactKey: Guid(9f2b6131e29ae1f49897cbebc3b1288e) Importer(815301076,1909f56bfc062723c751e8b465ee728b)
Start importing Assets/ArenaBorder.mat using Guid(9f2b6131e29ae1f49897cbebc3b1288e) Importer(815301076,1909f56bfc062723c751e8b465ee728b) Shader error in 'Unlit/Tracer': undeclared identifier '_WorldSpaceLightPos1' at line 130 (on d3d11)

Compiling Subshader: 0, Pass: <Unnamed Pass 1>, Vertex program with DIRECTIONAL
Platform defines: SHADER_API_DESKTOP UNITY_COLORSPACE_GAMMA UNITY_ENABLE_DETAIL_NORMALMAP UNITY_ENABLE_REFLECTION_BUFFERS UNITY_LIGHTMAP_FULL_HDR UNITY_LIGHT_PROBE_PROXY_VOLUME UNITY_PASS_FORWARDBASE UNITY_PBS_USE_BRDF1 UNITY_SPECCUBE_BLENDING UNITY_SPECCUBE_BOX_PROJECTION UNITY_USE_DITHER_MASK_FOR_ALPHABLENDED_SHADOWS
Disabled keywords: DIRECTIONAL_COOKIE LIGHTMAP_SHADOW_MIXING POINT POINT_COOKIE SHADER_API_GLES30 SHADOWS_CUBE SHADOWS_DEPTH SHADOWS_SCREEN SHADOWS_SHADOWMASK SHADOWS_SOFT SPOT UNITY_ASTC_NORMALMAP_ENCODING UNITY_ENABLE_NATIVE_SHADOW_LOOKUPS UNITY_FRAMEBUFFER_FETCH_AVAILABLE UNITY_HALF_PRECISION_FRAGMENT_SHADER_REGISTERS UNITY_HARDWARE_TIER1 UNITY_HARDWARE_TIER2 UNITY_HARDWARE_TIER3 UNITY_LIGHTMAP_DLDR_ENCODING UNITY_LIGHTMAP_RGBM_ENCODING UNITY_METAL_SHADOWS_USE_POINT_FILTERING UNITY_NO_DXT5nm UNITY_NO_FULL_STANDARD_SHADER UNITY_NO_SCREENSPACE_SHADOWS UNITY_PBS_USE_BRDF2 UNITY_PBS_USE_BRDF3 UNITY_PRETRANSFORM_TO_DISPLAY_ORIENTATION UNITY_UNIFIED_SHADER_PRECISION_MODEL UNITY_VIRTUAL_TEXTURING
Shader warning in 'Unlit/Tracer': Output value 'vert' is not completely initialized at line 44 (on d3d11)

Compiling Subshader: 0, Pass: <Unnamed Pass 0>, Vertex program with DIRECTIONAL LIGHTPROBE_SH
Platform defines: SHADER_API_DESKTOP UNITY_COLORSPACE_GAMMA UNITY_ENABLE_DETAIL_NORMALMAP UNITY_ENABLE_REFLECTION_BUFFERS UNITY_LIGHTMAP_FULL_HDR UNITY_LIGHT_PROBE_PROXY_VOLUME UNITY_PASS_FORWARDBASE UNITY_PBS_USE_BRDF1 UNITY_SPECCUBE_BLENDING UNITY_SPECCUBE_BOX_PROJECTION UNITY_USE_DITHER_MASK_FOR_ALPHABLENDED_SHADOWS
Disabled keywords: DIRLIGHTMAP_COMBINED DYNAMICLIGHTMAP_ON LIGHTMAP_ON LIGHTMAP_SHADOW_MIXING SHADER_API_GLES30 SHADOWS_SCREEN SHADOWS_SHADOWMASK UNITY_ASTC_NORMALMAP_ENCODING UNITY_ENABLE_NATIVE_SHADOW_LOOKUPS UNITY_FRAMEBUFFER_FETCH_AVAILABLE UNITY_HALF_PRECISION_FRAGMENT_SHADER_REGISTERS UNITY_HARDWARE_TIER1 UNITY_HARDWARE_TIER2 UNITY_HARDWARE_TIER3 UNITY_LIGHTMAP_DLDR_ENCODING UNITY_LIGHTMAP_RGBM_ENCODING UNITY_METAL_SHADOWS_USE_POINT_FILTERING UNITY_NO_DXT5nm UNITY_NO_FULL_STANDARD_SHADER UNITY_NO_SCREENSPACE_SHADOWS UNITY_PBS_USE_BRDF2 UNITY_PBS_USE_BRDF3 UNITY_PRETRANSFORM_TO_DISPLAY_ORIENTATION UNITY_UNIFIED_SHADER_PRECISION_MODEL UNITY_VIRTUAL_TEXTURING VERTEXLIGHT_ON
Shader error in 'Unlit/Tracer': undeclared identifier '_WorldSpaceLightPos1' at line 130 (on d3d11)

Compiling Subshader: 0, Pass: <Unnamed Pass 1>, Vertex program with DIRECTIONAL
Platform defines: SHADER_API_DESKTOP UNITY_COLORSPACE_GAMMA UNITY_ENABLE_DETAIL_NORMALMAP UNITY_ENABLE_REFLECTION_BUFFERS UNITY_LIGHTMAP_FULL_HDR UNITY_LIGHT_PROBE_PROXY_VOLUME UNITY_PASS_FORWARDBASE UNITY_PBS_USE_BRDF1 UNITY_SPECCUBE_BLENDING UNITY_SPECCUBE_BOX_PROJECTION UNITY_USE_DITHER_MASK_FOR_ALPHABLENDED_SHADOWS
Disabled keywords: DIRECTIONAL_COOKIE LIGHTMAP_SHADOW_MIXING POINT POINT_COOKIE SHADER_API_GLES30 SHADOWS_CUBE SHADOWS_DEPTH SHADOWS_SCREEN SHADOWS_SHADOWMASK SHADOWS_SOFT SPOT UNITY_ASTC_NORMALMAP_ENCODING UNITY_ENABLE_NATIVE_SHADOW_LOOKUPS UNITY_FRAMEBUFFER_FETCH_AVAILABLE UNITY_HALF_PRECISION_FRAGMENT_SHADER_REGISTERS UNITY_HARDWARE_TIER1 UNITY_HARDWARE_TIER2 UNITY_HARDWARE_TIER3 UNITY_LIGHTMAP_DLDR_ENCODING UNITY_LIGHTMAP_RGBM_ENCODING UNITY_METAL_SHADOWS_USE_POINT_FILTERING UNITY_NO_DXT5nm UNITY_NO_FULL_STANDARD_SHADER UNITY_NO_SCREENSPACE_SHADOWS UNITY_PBS_USE_BRDF2 UNITY_PBS_USE_BRDF3 UNITY_PRETRANSFORM_TO_DISPLAY_ORIENTATION UNITY_UNIFIED_SHADER_PRECISION_MODEL UNITY_VIRTUAL_TEXTURING
Shader warning in 'Unlit/Tracer': Output value 'vert' is not completely initialized at line 44 (on d3d11)

Compiling Subshader: 0, Pass: <Unnamed Pass 0>, Vertex program with DIRECTIONAL LIGHTPROBE_SH
Platform defines: SHADER_API_DESKTOP UNITY_COLORSPACE_GAMMA UNITY_ENABLE_DETAIL_NORMALMAP UNITY_ENABLE_REFLECTION_BUFFERS UNITY_LIGHTMAP_FULL_HDR UNITY_LIGHT_PROBE_PROXY_VOLUME UNITY_PASS_FORWARDBASE UNITY_PBS_USE_BRDF1 UNITY_SPECCUBE_BLENDING UNITY_SPECCUBE_BOX_PROJECTION UNITY_USE_DITHER_MASK_FOR_ALPHABLENDED_SHADOWS
Disabled keywords: DIRLIGHTMAP_COMBINED DYNAMICLIGHTMAP_ON LIGHTMAP_ON LIGHTMAP_SHADOW_MIXING SHADER_API_GLES30 SHADOWS_SCREEN SHADOWS_SHADOWMASK UNITY_ASTC_NORMALMAP_ENCODING UNITY_ENABLE_NATIVE_SHADOW_LOOKUPS UNITY_FRAMEBUFFER_FETCH_AVAILABLE UNITY_HALF_PRECISION_FRAGMENT_SHADER_REGISTERS UNITY_HARDWARE_TIER1 UNITY_HARDWARE_TIER2 UNITY_HARDWARE_TIER3 UNITY_LIGHTMAP_DLDR_ENCODING UNITY_LIGHTMAP_RGBM_ENCODING UNITY_METAL_SHADOWS_USE_POINT_FILTERING UNITY_NO_DXT5nm UNITY_NO_FULL_STANDARD_SHADER UNITY_NO_SCREENSPACE_SHADOWS UNITY_PBS_USE_BRDF2 UNITY_PBS_USE_BRDF3 UNITY_PRETRANSFORM_TO_DISPLAY_ORIENTATION UNITY_UNIFIED_SHADER_PRECISION_MODEL UNITY_VIRTUAL_TEXTURING VERTEXLIGHT_ON
 -> (artifact id: '5b6113536cba78fa539469276c89bdc4') in 0.097773 seconds 
========================================================================
Received Import Request.
  Time since last request: 0.000122 seconds.
  path: Assets/PlayerRight.mat
  artifactKey: Guid(5af6a85c15f8db141b4849411f3f66b2) Importer(815301076,1909f56bfc062723c751e8b465ee728b)
Start importing Assets/PlayerRight.mat using Guid(5af6a85c15f8db141b4849411f3f66b2) Importer(815301076,1909f56bfc062723c751e8b465ee728b) Shader error in 'Unlit/Tracer': undeclared identifier '_WorldSpaceLightPos1' at line 130 (on d3d11)

Compiling Subshader: 0, Pass: <Unnamed Pass 1>, Vertex program with DIRECTIONAL
Platform defines: SHADER_API_DESKTOP UNITY_COLORSPACE_GAMMA UNITY_ENABLE_DETAIL_NORMALMAP UNITY_ENABLE_REFLECTION_BUFFERS UNITY_LIGHTMAP_FULL_HDR UNITY_LIGHT_PROBE_PROXY_VOLUME UNITY_PASS_FORWARDBASE UNITY_PBS_USE_BRDF1 UNITY_SPECCUBE_BLENDING UNITY_SPECCUBE_BOX_PROJECTION UNITY_USE_DITHER_MASK_FOR_ALPHABLENDED_SHADOWS
Disabled keywords: DIRECTIONAL_COOKIE LIGHTMAP_SHADOW_MIXING POINT POINT_COOKIE SHADER_API_GLES30 SHADOWS_CUBE SHADOWS_DEPTH SHADOWS_SCREEN SHADOWS_SHADOWMASK SHADOWS_SOFT SPOT UNITY_ASTC_NORMALMAP_ENCODING UNITY_ENABLE_NATIVE_SHADOW_LOOKUPS UNITY_FRAMEBUFFER_FETCH_AVAILABLE UNITY_HALF_PRECISION_FRAGMENT_SHADER_REGISTERS UNITY_HARDWARE_TIER1 UNITY_HARDWARE_TIER2 UNITY_HARDWARE_TIER3 UNITY_LIGHTMAP_DLDR_ENCODING UNITY_LIGHTMAP_RGBM_ENCODING UNITY_METAL_SHADOWS_USE_POINT_FILTERING UNITY_NO_DXT5nm UNITY_NO_FULL_STANDARD_SHADER UNITY_NO_SCREENSPACE_SHADOWS UNITY_PBS_USE_BRDF2 UNITY_PBS_USE_BRDF3 UNITY_PRETRANSFORM_TO_DISPLAY_ORIENTATION UNITY_UNIFIED_SHADER_PRECISION_MODEL UNITY_VIRTUAL_TEXTURING
Shader warning in 'Unlit/Tracer': Output value 'vert' is not completely initialized at line 44 (on d3d11)

Compiling Subshader: 0, Pass: <Unnamed Pass 0>, Vertex program with DIRECTIONAL LIGHTPROBE_SH
Platform defines: SHADER_API_DESKTOP UNITY_COLORSPACE_GAMMA UNITY_ENABLE_DETAIL_NORMALMAP UNITY_ENABLE_REFLECTION_BUFFERS UNITY_LIGHTMAP_FULL_HDR UNITY_LIGHT_PROBE_PROXY_VOLUME UNITY_PASS_FORWARDBASE UNITY_PBS_USE_BRDF1 UNITY_SPECCUBE_BLENDING UNITY_SPECCUBE_BOX_PROJECTION UNITY_USE_DITHER_MASK_FOR_ALPHABLENDED_SHADOWS
Disabled keywords: DIRLIGHTMAP_COMBINED DYNAMICLIGHTMAP_ON LIGHTMAP_ON LIGHTMAP_SHADOW_MIXING SHADER_API_GLES30 SHADOWS_SCREEN SHADOWS_SHADOWMASK UNITY_ASTC_NORMALMAP_ENCODING UNITY_ENABLE_NATIVE_SHADOW_LOOKUPS UNITY_FRAMEBUFFER_FETCH_AVAILABLE UNITY_HALF_PRECISION_FRAGMENT_SHADER_REGISTERS UNITY_HARDWARE_TIER1 UNITY_HARDWARE_TIER2 UNITY_HARDWARE_TIER3 UNITY_LIGHTMAP_DLDR_ENCODING UNITY_LIGHTMAP_RGBM_ENCODING UNITY_METAL_SHADOWS_USE_POINT_FILTERING UNITY_NO_DXT5nm UNITY_NO_FULL_STANDARD_SHADER UNITY_NO_SCREENSPACE_SHADOWS UNITY_PBS_USE_BRDF2 UNITY_PBS_USE_BRDF3 UNITY_PRETRANSFORM_TO_DISPLAY_ORIENTATION UNITY_UNIFIED_SHADER_PRECISION_MODEL UNITY_VIRTUAL_TEXTURING VERTEXLIGHT_ON
Shader error in 'Unlit/Tracer': undeclared identifier '_WorldSpaceLightPos1' at line 130 (on d3d11)

Compiling Subshader: 0, Pass: <Unnamed Pass 1>, Vertex program with DIRECTIONAL
Platform defines: SHADER_API_DESKTOP UNITY_COLORSPACE_GAMMA UNITY_ENABLE_DETAIL_NORMALMAP UNITY_ENABLE_REFLECTION_BUFFERS UNITY_LIGHTMAP_FULL_HDR UNITY_LIGHT_PROBE_PROXY_VOLUME UNITY_PASS_FORWARDBASE UNITY_PBS_USE_BRDF1 UNITY_SPECCUBE_BLENDING UNITY_SPECCUBE_BOX_PROJECTION UNITY_USE_DITHER_MASK_FOR_ALPHABLENDED_SHADOWS
Disabled keywords: DIRECTIONAL_COOKIE LIGHTMAP_SHADOW_MIXING POINT POINT_COOKIE SHADER_API_GLES30 SHADOWS_CUBE SHADOWS_DEPTH SHADOWS_SCREEN SHADOWS_SHADOWMASK SHADOWS_SOFT SPOT UNITY_ASTC_NORMALMAP_ENCODING UNITY_ENABLE_NATIVE_SHADOW_LOOKUPS UNITY_FRAMEBUFFER_FETCH_AVAILABLE UNITY_HALF_PRECISION_FRAGMENT_SHADER_REGISTERS UNITY_HARDWARE_TIER1 UNITY_HARDWARE_TIER2 UNITY_HARDWARE_TIER3 UNITY_LIGHTMAP_DLDR_ENCODING UNITY_LIGHTMAP_RGBM_ENCODING UNITY_METAL_SHADOWS_USE_POINT_FILTERING UNITY_NO_DXT5nm UNITY_NO_FULL_STANDARD_SHADER UNITY_NO_SCREENSPACE_SHADOWS UNITY_PBS_USE_BRDF2 UNITY_PBS_USE_BRDF3 UNITY_PRETRANSFORM_TO_DISPLAY_ORIENTATION UNITY_UNIFIED_SHADER_PRECISION_MODEL UNITY_VIRTUAL_TEXTURING
Shader warning in 'Unlit/Tracer': Output value 'vert' is not completely initialized at line 44 (on d3d11)

Compiling Subshader: 0, Pass: <Unnamed Pass 0>, Vertex program with DIRECTIONAL LIGHTPROBE_SH
Platform defines: SHADER_API_DESKTOP UNITY_COLORSPACE_GAMMA UNITY_ENABLE_DETAIL_NORMALMAP UNITY_ENABLE_REFLECTION_BUFFERS UNITY_LIGHTMAP_FULL_HDR UNITY_LIGHT_PROBE_PROXY_VOLUME UNITY_PASS_FORWARDBASE UNITY_PBS_USE_BRDF1 UNITY_SPECCUBE_BLENDING UNITY_SPECCUBE_BOX_PROJECTION UNITY_USE_DITHER_MASK_FOR_ALPHABLENDED_SHADOWS
Disabled keywords: DIRLIGHTMAP_COMBINED DYNAMICLIGHTMAP_ON LIGHTMAP_ON LIGHTMAP_SHADOW_MIXING SHADER_API_GLES30 SHADOWS_SCREEN SHADOWS_SHADOWMASK UNITY_ASTC_NORMALMAP_ENCODING UNITY_ENABLE_NATIVE_SHADOW_LOOKUPS UNITY_FRAMEBUFFER_FETCH_AVAILABLE UNITY_HALF_PRECISION_FRAGMENT_SHADER_REGISTERS UNITY_HARDWARE_TIER1 UNITY_HARDWARE_TIER2 UNITY_HARDWARE_TIER3 UNITY_LIGHTMAP_DLDR_ENCODING UNITY_LIGHTMAP_RGBM_ENCODING UNITY_METAL_SHADOWS_USE_POINT_FILTERING UNITY_NO_DXT5nm UNITY_NO_FULL_STANDARD_SHADER UNITY_NO_SCREENSPACE_SHADOWS UNITY_PBS_USE_BRDF2 UNITY_PBS_USE_BRDF3 UNITY_PRETRANSFORM_TO_DISPLAY_ORIENTATION UNITY_UNIFIED_SHADER_PRECISION_MODEL UNITY_VIRTUAL_TEXTURING VERTEXLIGHT_ON
 -> (artifact id: '3e7041303da1d4b63a22b50f08407758') in 0.021341 seconds 
========================================================================
Received Import Request.
  Time since last request: 511.806570 seconds.
  path: Assets/ArenaBorder.mat
  artifactKey: Guid(9f2b6131e29ae1f49897cbebc3b1288e) Importer(815301076,1909f56bfc062723c751e8b465ee728b)
Start importing Assets/ArenaBorder.mat using Guid(9f2b6131e29ae1f49897cbebc3b1288e) Importer(815301076,1909f56bfc062723c751e8b465ee728b) Shader error in 'Unlit/Tracer': undeclared identifier 'UnityObjectToWorldNormal' at line 107 (on d3d11)

Compiling Subshader: 0, Pass: <Unnamed Pass 1>, Vertex program with <no keywords>
Platform defines: SHADER_API_DESKTOP UNITY_COLORSPACE_GAMMA UNITY_ENABLE_DETAIL_NORMALMAP UNITY_ENABLE_REFLECTION_BUFFERS UNITY_LIGHTMAP_FULL_HDR UNITY_LIGHT_PROBE_PROXY_VOLUME UNITY_PASS_SHADOWCASTER UNITY_PBS_USE_BRDF1 UNITY_SPECCUBE_BLENDING UNITY_SPECCUBE_BOX_PROJECTION UNITY_USE_DITHER_MASK_FOR_ALPHABLENDED_SHADOWS
Disabled keywords: SHADER_API_GLES30 UNITY_ASTC_NORMALMAP_ENCODING UNITY_ENABLE_NATIVE_SHADOW_LOOKUPS UNITY_FRAMEBUFFER_FETCH_AVAILABLE UNITY_HALF_PRECISION_FRAGMENT_SHADER_REGISTERS UNITY_HARDWARE_TIER1 UNITY_HARDWARE_TIER2 UNITY_HARDWARE_TIER3 UNITY_LIGHTMAP_DLDR_ENCODING UNITY_LIGHTMAP_RGBM_ENCODING UNITY_METAL_SHADOWS_USE_POINT_FILTERING UNITY_NO_DXT5nm UNITY_NO_FULL_STANDARD_SHADER UNITY_NO_SCREENSPACE_SHADOWS UNITY_PBS_USE_BRDF2 UNITY_PBS_USE_BRDF3 UNITY_PRETRANSFORM_TO_DISPLAY_ORIENTATION UNITY_UNIFIED_SHADER_PRECISION_MODEL UNITY_VIRTUAL_TEXTURING
Shader error in 'Unlit/Tracer': undeclared identifier 'UnityObjectToWorldNormal' at line 107 (on d3d11)

Compiling Subshader: 0, Pass: <Unnamed Pass 1>, Vertex program with <no keywords>
Platform defines: SHADER_API_DESKTOP UNITY_COLORSPACE_GAMMA UNITY_ENABLE_DETAIL_NORMALMAP UNITY_ENABLE_REFLECTION_BUFFERS UNITY_LIGHTMAP_FULL_HDR UNITY_LIGHT_PROBE_PROXY_VOLUME UNITY_PASS_SHADOWCASTER UNITY_PBS_USE_BRDF1 UNITY_SPECCUBE_BLENDING UNITY_SPECCUBE_BOX_PROJECTION UNITY_USE_DITHER_MASK_FOR_ALPHABLENDED_SHADOWS
Disabled keywords: SHADER_API_GLES30 UNITY_ASTC_NORMALMAP_ENCODING UNITY_ENABLE_NATIVE_SHADOW_LOOKUPS UNITY_FRAMEBUFFER_FETCH_AVAILABLE UNITY_HALF_PRECISION_FRAGMENT_SHADER_REGISTERS UNITY_HARDWARE_TIER1 UNITY_HARDWARE_TIER2 UNITY_HARDWARE_TIER3 UNITY_LIGHTMAP_DLDR_ENCODING UNITY_LIGHTMAP_RGBM_ENCODING UNITY_METAL_SHADOWS_USE_POINT_FILTERING UNITY_NO_DXT5nm UNITY_NO_FULL_STANDARD_SHADER UNITY_NO_SCREENSPACE_SHADOWS UNITY_PBS_USE_BRDF2 UNITY_PBS_USE_BRDF3 UNITY_PRETRANSFORM_TO_DISPLAY_ORIENTATION UNITY_UNIFIED_SHADER_PRECISION_MODEL UNITY_VIRTUAL_TEXTURING
 -> (artifact id: '01b12d32172b9c0b5d1cf3e5d138e644') in 0.075227 seconds 
========================================================================
Received Import Request.
  Time since last request: 0.000108 seconds.
  path: Assets/PlayerRight.mat
  artifactKey: Guid(5af6a85c15f8db141b4849411f3f66b2) Importer(815301076,1909f56bfc062723c751e8b465ee728b)
Start importing Assets/PlayerRight.mat using Guid(5af6a85c15f8db141b4849411f3f66b2) Importer(815301076,1909f56bfc062723c751e8b465ee728b) Shader error in 'Unlit/Tracer': undeclared identifier 'UnityObjectToWorldNormal' at line 107 (on d3d11)

Compiling Subshader: 0, Pass: <Unnamed Pass 1>, Vertex program with <no keywords>
Platform defines: SHADER_API_DESKTOP UNITY_COLORSPACE_GAMMA UNITY_ENABLE_DETAIL_NORMALMAP UNITY_ENABLE_REFLECTION_BUFFERS UNITY_LIGHTMAP_FULL_HDR UNITY_LIGHT_PROBE_PROXY_VOLUME UNITY_PASS_SHADOWCASTER UNITY_PBS_USE_BRDF1 UNITY_SPECCUBE_BLENDING UNITY_SPECCUBE_BOX_PROJECTION UNITY_USE_DITHER_MASK_FOR_ALPHABLENDED_SHADOWS
Disabled keywords: SHADER_API_GLES30 UNITY_ASTC_NORMALMAP_ENCODING UNITY_ENABLE_NATIVE_SHADOW_LOOKUPS UNITY_FRAMEBUFFER_FETCH_AVAILABLE UNITY_HALF_PRECISION_FRAGMENT_SHADER_REGISTERS UNITY_HARDWARE_TIER1 UNITY_HARDWARE_TIER2 UNITY_HARDWARE_TIER3 UNITY_LIGHTMAP_DLDR_ENCODING UNITY_LIGHTMAP_RGBM_ENCODING UNITY_METAL_SHADOWS_USE_POINT_FILTERING UNITY_NO_DXT5nm UNITY_NO_FULL_STANDARD_SHADER UNITY_NO_SCREENSPACE_SHADOWS UNITY_PBS_USE_BRDF2 UNITY_PBS_USE_BRDF3 UNITY_PRETRANSFORM_TO_DISPLAY_ORIENTATION UNITY_UNIFIED_SHADER_PRECISION_MODEL UNITY_VIRTUAL_TEXTURING
Shader error in 'Unlit/Tracer': undeclared identifier 'UnityObjectToWorldNormal' at line 107 (on d3d11)

Compiling Subshader: 0, Pass: <Unnamed Pass 1>, Vertex program with <no keywords>
Platform defines: SHADER_API_DESKTOP UNITY_COLORSPACE_GAMMA UNITY_ENABLE_DETAIL_NORMALMAP UNITY_ENABLE_REFLECTION_BUFFERS UNITY_LIGHTMAP_FULL_HDR UNITY_LIGHT_PROBE_PROXY_VOLUME UNITY_PASS_SHADOWCASTER UNITY_PBS_USE_BRDF1 UNITY_SPECCUBE_BLENDING UNITY_SPECCUBE_BOX_PROJECTION UNITY_USE_DITHER_MASK_FOR_ALPHABLENDED_SHADOWS
Disabled keywords: SHADER_API_GLES30 UNITY_ASTC_NORMALMAP_ENCODING UNITY_ENABLE_NATIVE_SHADOW_LOOKUPS UNITY_FRAMEBUFFER_FETCH_AVAILABLE UNITY_HALF_PRECISION_FRAGMENT_SHADER_REGISTERS UNITY_HARDWARE_TIER1 UNITY_HARDWARE_TIER2 UNITY_HARDWARE_TIER3 UNITY_LIGHTMAP_DLDR_ENCODING UNITY_LIGHTMAP_RGBM_ENCODING UNITY_METAL_SHADOWS_USE_POINT_FILTERING UNITY_NO_DXT5nm UNITY_NO_FULL_STANDARD_SHADER UNITY_NO_SCREENSPACE_SHADOWS UNITY_PBS_USE_BRDF2 UNITY_PBS_USE_BRDF3 UNITY_PRETRANSFORM_TO_DISPLAY_ORIENTATION UNITY_UNIFIED_SHADER_PRECISION_MODEL UNITY_VIRTUAL_TEXTURING
 -> (artifact id: 'ed72a80066ea58007a9add236004559e') in 0.053991 seconds 
========================================================================
Received Import Request.
  Time since last request: 98.540217 seconds.
  path: Assets/ArenaBorder.mat
  artifactKey: Guid(9f2b6131e29ae1f49897cbebc3b1288e) Importer(815301076,1909f56bfc062723c751e8b465ee728b)
Start importing Assets/ArenaBorder.mat using Guid(9f2b6131e29ae1f49897cbebc3b1288e) Importer(815301076,1909f56bfc062723c751e8b465ee728b) Shader error in 'Unlit/Tracer': undeclared identifier 'UnityObjectToWorldNormal' at line 107 (on d3d11)

Compiling Subshader: 0, Pass: <Unnamed Pass 1>, Vertex program with <no keywords>
Platform defines: SHADER_API_DESKTOP UNITY_COLORSPACE_GAMMA UNITY_ENABLE_DETAIL_NORMALMAP UNITY_ENABLE_REFLECTION_BUFFERS UNITY_LIGHTMAP_FULL_HDR UNITY_LIGHT_PROBE_PROXY_VOLUME UNITY_PASS_SHADOWCASTER UNITY_PBS_USE_BRDF1 UNITY_SPECCUBE_BLENDING UNITY_SPECCUBE_BOX_PROJECTION UNITY_USE_DITHER_MASK_FOR_ALPHABLENDED_SHADOWS
Disabled keywords: SHADER_API_GLES30 UNITY_ASTC_NORMALMAP_ENCODING UNITY_ENABLE_NATIVE_SHADOW_LOOKUPS UNITY_FRAMEBUFFER_FETCH_AVAILABLE UNITY_HALF_PRECISION_FRAGMENT_SHADER_REGISTERS UNITY_HARDWARE_TIER1 UNITY_HARDWARE_TIER2 UNITY_HARDWARE_TIER3 UNITY_LIGHTMAP_DLDR_ENCODING UNITY_LIGHTMAP_RGBM_ENCODING UNITY_METAL_SHADOWS_USE_POINT_FILTERING UNITY_NO_DXT5nm UNITY_NO_FULL_STANDARD_SHADER UNITY_NO_SCREENSPACE_SHADOWS UNITY_PBS_USE_BRDF2 UNITY_PBS_USE_BRDF3 UNITY_PRETRANSFORM_TO_DISPLAY_ORIENTATION UNITY_UNIFIED_SHADER_PRECISION_MODEL UNITY_VIRTUAL_TEXTURING
Shader error in 'Unlit/Tracer': undeclared identifier 'UnityObjectToWorldNormal' at line 107 (on d3d11)

Compiling Subshader: 0, Pass: <Unnamed Pass 1>, Vertex program with <no keywords>
Platform defines: SHADER_API_DESKTOP UNITY_COLORSPACE_GAMMA UNITY_ENABLE_DETAIL_NORMALMAP UNITY_ENABLE_REFLECTION_BUFFERS UNITY_LIGHTMAP_FULL_HDR UNITY_LIGHT_PROBE_PROXY_VOLUME UNITY_PASS_SHADOWCASTER UNITY_PBS_USE_BRDF1 UNITY_SPECCUBE_BLENDING UNITY_SPECCUBE_BOX_PROJECTION UNITY_USE_DITHER_MASK_FOR_ALPHABLENDED_SHADOWS
Disabled keywords: SHADER_API_GLES30 UNITY_ASTC_NORMALMAP_ENCODING UNITY_ENABLE_NATIVE_SHADOW_LOOKUPS UNITY_FRAMEBUFFER_FETCH_AVAILABLE UNITY_HALF_PRECISION_FRAGMENT_SHADER_REGISTERS UNITY_HARDWARE_TIER1 UNITY_HARDWARE_TIER2 UNITY_HARDWARE_TIER3 UNITY_LIGHTMAP_DLDR_ENCODING UNITY_LIGHTMAP_RGBM_ENCODING UNITY_METAL_SHADOWS_USE_POINT_FILTERING UNITY_NO_DXT5nm UNITY_NO_FULL_STANDARD_SHADER UNITY_NO_SCREENSPACE_SHADOWS UNITY_PBS_USE_BRDF2 UNITY_PBS_USE_BRDF3 UNITY_PRETRANSFORM_TO_DISPLAY_ORIENTATION UNITY_UNIFIED_SHADER_PRECISION_MODEL UNITY_VIRTUAL_TEXTURING
 -> (artifact id: '4e0d82e3982d12abfaf2e99013bb99ca') in 0.100410 seconds 
========================================================================
Received Import Request.
  Time since last request: 0.000041 seconds.
  path: Assets/PlayerLeft.mat
  artifactKey: Guid(d5b9cb6caf48b9949aa77e68440f6b84) Importer(815301076,1909f56bfc062723c751e8b465ee728b)
Start importing Assets/PlayerLeft.mat using Guid(d5b9cb6caf48b9949aa77e68440f6b84) Importer(815301076,1909f56bfc062723c751e8b465ee728b) Shader error in 'Unlit/Tracer': undeclared identifier 'UnityObjectToWorldNormal' at line 107 (on d3d11)

Compiling Subshader: 0, Pass: <Unnamed Pass 1>, Vertex program with <no keywords>
Platform defines: SHADER_API_DESKTOP UNITY_COLORSPACE_GAMMA UNITY_ENABLE_DETAIL_NORMALMAP UNITY_ENABLE_REFLECTION_BUFFERS UNITY_LIGHTMAP_FULL_HDR UNITY_LIGHT_PROBE_PROXY_VOLUME UNITY_PASS_SHADOWCASTER UNITY_PBS_USE_BRDF1 UNITY_SPECCUBE_BLENDING UNITY_SPECCUBE_BOX_PROJECTION UNITY_USE_DITHER_MASK_FOR_ALPHABLENDED_SHADOWS
Disabled keywords: SHADER_API_GLES30 UNITY_ASTC_NORMALMAP_ENCODING UNITY_ENABLE_NATIVE_SHADOW_LOOKUPS UNITY_FRAMEBUFFER_FETCH_AVAILABLE UNITY_HALF_PRECISION_FRAGMENT_SHADER_REGISTERS UNITY_HARDWARE_TIER1 UNITY_HARDWARE_TIER2 UNITY_HARDWARE_TIER3 UNITY_LIGHTMAP_DLDR_ENCODING UNITY_LIGHTMAP_RGBM_ENCODING UNITY_METAL_SHADOWS_USE_POINT_FILTERING UNITY_NO_DXT5nm UNITY_NO_FULL_STANDARD_SHADER UNITY_NO_SCREENSPACE_SHADOWS UNITY_PBS_USE_BRDF2 UNITY_PBS_USE_BRDF3 UNITY_PRETRANSFORM_TO_DISPLAY_ORIENTATION UNITY_UNIFIED_SHADER_PRECISION_MODEL UNITY_VIRTUAL_TEXTURING
Shader error in 'Unlit/Tracer': undeclared identifier 'UnityObjectToWorldNormal' at line 107 (on d3d11)

Compiling Subshader: 0, Pass: <Unnamed Pass 1>, Vertex program with <no keywords>
Platform defines: SHADER_API_DESKTOP UNITY_COLORSPACE_GAMMA UNITY_ENABLE_DETAIL_NORMALMAP UNITY_ENABLE_REFLECTION_BUFFERS UNITY_LIGHTMAP_FULL_HDR UNITY_LIGHT_PROBE_PROXY_VOLUME UNITY_PASS_SHADOWCASTER UNITY_PBS_USE_BRDF1 UNITY_SPECCUBE_BLENDING UNITY_SPECCUBE_BOX_PROJECTION UNITY_USE_DITHER_MASK_FOR_ALPHABLENDED_SHADOWS
Disabled keywords: SHADER_API_GLES30 UNITY_ASTC_NORMALMAP_ENCODING UNITY_ENABLE_NATIVE_SHADOW_LOOKUPS UNITY_FRAMEBUFFER_FETCH_AVAILABLE UNITY_HALF_PRECISION_FRAGMENT_SHADER_REGISTERS UNITY_HARDWARE_TIER1 UNITY_HARDWARE_TIER2 UNITY_HARDWARE_TIER3 UNITY_LIGHTMAP_DLDR_ENCODING UNITY_LIGHTMAP_RGBM_ENCODING UNITY_METAL_SHADOWS_USE_POINT_FILTERING UNITY_NO_DXT5nm UNITY_NO_FULL_STANDARD_SHADER UNITY_NO_SCREENSPACE_SHADOWS UNITY_PBS_USE_BRDF2 UNITY_PBS_USE_BRDF3 UNITY_PRETRANSFORM_TO_DISPLAY_ORIENTATION UNITY_UNIFIED_SHADER_PRECISION_MODEL UNITY_VIRTUAL_TEXTURING
 -> (artifact id: '70b77f308f0f7a9a6175001a566c5dfb') in 0.019136 seconds 
========================================================================
Received Import Request.
  Time since last request: 146.594874 seconds.
  path: Assets/ArenaBorder.mat
  artifactKey: Guid(9f2b6131e29ae1f49897cbebc3b1288e) Importer(815301076,1909f56bfc062723c751e8b465ee728b)
Start importing Assets/ArenaBorder.mat using Guid(9f2b6131e29ae1f49897cbebc3b1288e) Importer(815301076,1909f56bfc062723c751e8b465ee728b) Shader error in 'Unlit/Tracer': unrecognized identifier 'V2F_SHADOW_CASTER' at line 95 (on d3d11)

Compiling Subshader: 0, Pass: <Unnamed Pass 1>, Vertex program with <no keywords>
Platform defines: SHADER_API_DESKTOP UNITY_COLORSPACE_GAMMA UNITY_ENABLE_DETAIL_NORMALMAP UNITY_ENABLE_REFLECTION_BUFFERS UNITY_LIGHTMAP_FULL_HDR UNITY_LIGHT_PROBE_PROXY_VOLUME UNITY_PASS_SHADOWCASTER UNITY_PBS_USE_BRDF1 UNITY_SPECCUBE_BLENDING UNITY_SPECCUBE_BOX_PROJECTION UNITY_USE_DITHER_MASK_FOR_ALPHABLENDED_SHADOWS
Disabled keywords: SHADER_API_GLES30 UNITY_ASTC_NORMALMAP_ENCODING UNITY_ENABLE_NATIVE_SHADOW_LOOKUPS UNITY_FRAMEBUFFER_FETCH_AVAILABLE UNITY_HALF_PRECISION_FRAGMENT_SHADER_REGISTERS UNITY_HARDWARE_TIER1 UNITY_HARDWARE_TIER2 UNITY_HARDWARE_TIER3 UNITY_LIGHTMAP_DLDR_ENCODING UNITY_LIGHTMAP_RGBM_ENCODING UNITY_METAL_SHADOWS_USE_POINT_FILTERING UNITY_NO_DXT5nm UNITY_NO_FULL_STANDARD_SHADER UNITY_NO_SCREENSPACE_SHADOWS UNITY_PBS_USE_BRDF2 UNITY_PBS_USE_BRDF3 UNITY_PRETRANSFORM_TO_DISPLAY_ORIENTATION UNITY_UNIFIED_SHADER_PRECISION_MODEL UNITY_VIRTUAL_TEXTURING
Shader error in 'Unlit/Tracer': unrecognized identifier 'V2F_SHADOW_CASTER' at line 95 (on d3d11)

Compiling Subshader: 0, Pass: <Unnamed Pass 1>, Vertex program with <no keywords>
Platform defines: SHADER_API_DESKTOP UNITY_COLORSPACE_GAMMA UNITY_ENABLE_DETAIL_NORMALMAP UNITY_ENABLE_REFLECTION_BUFFERS UNITY_LIGHTMAP_FULL_HDR UNITY_LIGHT_PROBE_PROXY_VOLUME UNITY_PASS_SHADOWCASTER UNITY_PBS_USE_BRDF1 UNITY_SPECCUBE_BLENDING UNITY_SPECCUBE_BOX_PROJECTION UNITY_USE_DITHER_MASK_FOR_ALPHABLENDED_SHADOWS
Disabled keywords: SHADER_API_GLES30 UNITY_ASTC_NORMALMAP_ENCODING UNITY_ENABLE_NATIVE_SHADOW_LOOKUPS UNITY_FRAMEBUFFER_FETCH_AVAILABLE UNITY_HALF_PRECISION_FRAGMENT_SHADER_REGISTERS UNITY_HARDWARE_TIER1 UNITY_HARDWARE_TIER2 UNITY_HARDWARE_TIER3 UNITY_LIGHTMAP_DLDR_ENCODING UNITY_LIGHTMAP_RGBM_ENCODING UNITY_METAL_SHADOWS_USE_POINT_FILTERING UNITY_NO_DXT5nm UNITY_NO_FULL_STANDARD_SHADER UNITY_NO_SCREENSPACE_SHADOWS UNITY_PBS_USE_BRDF2 UNITY_PBS_USE_BRDF3 UNITY_PRETRANSFORM_TO_DISPLAY_ORIENTATION UNITY_UNIFIED_SHADER_PRECISION_MODEL UNITY_VIRTUAL_TEXTURING
 -> (artifact id: '181dd6c1b3f8eb2bd3809eaf34bfefcb') in 0.099913 seconds 
========================================================================
Received Import Request.
  Time since last request: 0.000035 seconds.
  path: Assets/PlayerRight.mat
  artifactKey: Guid(5af6a85c15f8db141b4849411f3f66b2) Importer(815301076,1909f56bfc062723c751e8b465ee728b)
Start importing Assets/PlayerRight.mat using Guid(5af6a85c15f8db141b4849411f3f66b2) Importer(815301076,1909f56bfc062723c751e8b465ee728b) Shader error in 'Unlit/Tracer': unrecognized identifier 'V2F_SHADOW_CASTER' at line 95 (on d3d11)

Compiling Subshader: 0, Pass: <Unnamed Pass 1>, Vertex program with <no keywords>
Platform defines: SHADER_API_DESKTOP UNITY_COLORSPACE_GAMMA UNITY_ENABLE_DETAIL_NORMALMAP UNITY_ENABLE_REFLECTION_BUFFERS UNITY_LIGHTMAP_FULL_HDR UNITY_LIGHT_PROBE_PROXY_VOLUME UNITY_PASS_SHADOWCASTER UNITY_PBS_USE_BRDF1 UNITY_SPECCUBE_BLENDING UNITY_SPECCUBE_BOX_PROJECTION UNITY_USE_DITHER_MASK_FOR_ALPHABLENDED_SHADOWS
Disabled keywords: SHADER_API_GLES30 UNITY_ASTC_NORMALMAP_ENCODING UNITY_ENABLE_NATIVE_SHADOW_LOOKUPS UNITY_FRAMEBUFFER_FETCH_AVAILABLE UNITY_HALF_PRECISION_FRAGMENT_SHADER_REGISTERS UNITY_HARDWARE_TIER1 UNITY_HARDWARE_TIER2 UNITY_HARDWARE_TIER3 UNITY_LIGHTMAP_DLDR_ENCODING UNITY_LIGHTMAP_RGBM_ENCODING UNITY_METAL_SHADOWS_USE_POINT_FILTERING UNITY_NO_DXT5nm UNITY_NO_FULL_STANDARD_SHADER UNITY_NO_SCREENSPACE_SHADOWS UNITY_PBS_USE_BRDF2 UNITY_PBS_USE_BRDF3 UNITY_PRETRANSFORM_TO_DISPLAY_ORIENTATION UNITY_UNIFIED_SHADER_PRECISION_MODEL UNITY_VIRTUAL_TEXTURING
Shader error in 'Unlit/Tracer': unrecognized identifier 'V2F_SHADOW_CASTER' at line 95 (on d3d11)

Compiling Subshader: 0, Pass: <Unnamed Pass 1>, Vertex program with <no keywords>
Platform defines: SHADER_API_DESKTOP UNITY_COLORSPACE_GAMMA UNITY_ENABLE_DETAIL_NORMALMAP UNITY_ENABLE_REFLECTION_BUFFERS UNITY_LIGHTMAP_FULL_HDR UNITY_LIGHT_PROBE_PROXY_VOLUME UNITY_PASS_SHADOWCASTER UNITY_PBS_USE_BRDF1 UNITY_SPECCUBE_BLENDING UNITY_SPECCUBE_BOX_PROJECTION UNITY_USE_DITHER_MASK_FOR_ALPHABLENDED_SHADOWS
Disabled keywords: SHADER_API_GLES30 UNITY_ASTC_NORMALMAP_ENCODING UNITY_ENABLE_NATIVE_SHADOW_LOOKUPS UNITY_FRAMEBUFFER_FETCH_AVAILABLE UNITY_HALF_PRECISION_FRAGMENT_SHADER_REGISTERS UNITY_HARDWARE_TIER1 UNITY_HARDWARE_TIER2 UNITY_HARDWARE_TIER3 UNITY_LIGHTMAP_DLDR_ENCODING UNITY_LIGHTMAP_RGBM_ENCODING UNITY_METAL_SHADOWS_USE_POINT_FILTERING UNITY_NO_DXT5nm UNITY_NO_FULL_STANDARD_SHADER UNITY_NO_SCREENSPACE_SHADOWS UNITY_PBS_USE_BRDF2 UNITY_PBS_USE_BRDF3 UNITY_PRETRANSFORM_TO_DISPLAY_ORIENTATION UNITY_UNIFIED_SHADER_PRECISION_MODEL UNITY_VIRTUAL_TEXTURING
 -> (artifact id: '4616351e8770e214e7cad5c3c4a55f67') in 0.015320 seconds 
========================================================================
Received Import Request.
  Time since last request: 533.851409 seconds.
  path: Assets/Ball.mat
  artifactKey: Guid(482ef0f55f54cf448a7e2c282ddc2c3e) Importer(815301076,1909f56bfc062723c751e8b465ee728b)
Start importing Assets/Ball.mat using Guid(482ef0f55f54cf448a7e2c282ddc2c3e) Importer(815301076,1909f56bfc062723c751e8b465ee728b) Shader error in 'Unlit/Tracer': unrecognized identifier 'V2F_SHADOW_CASTER' at line 95 (on d3d11)

Compiling Subshader: 0, Pass: <Unnamed Pass 1>, Vertex program with <no keywords>
Platform defines: SHADER_API_DESKTOP UNITY_COLORSPACE_GAMMA UNITY_ENABLE_DETAIL_NORMALMAP UNITY_ENABLE_REFLECTION_BUFFERS UNITY_LIGHTMAP_FULL_HDR UNITY_LIGHT_PROBE_PROXY_VOLUME UNITY_PASS_SHADOWCASTER UNITY_PBS_USE_BRDF1 UNITY_SPECCUBE_BLENDING UNITY_SPECCUBE_BOX_PROJECTION UNITY_USE_DITHER_MASK_FOR_ALPHABLENDED_SHADOWS
Disabled keywords: SHADER_API_GLES30 UNITY_ASTC_NORMALMAP_ENCODING UNITY_ENABLE_NATIVE_SHADOW_LOOKUPS UNITY_FRAMEBUFFER_FETCH_AVAILABLE UNITY_HALF_PRECISION_FRAGMENT_SHADER_REGISTERS UNITY_HARDWARE_TIER1 UNITY_HARDWARE_TIER2 UNITY_HARDWARE_TIER3 UNITY_LIGHTMAP_DLDR_ENCODING UNITY_LIGHTMAP_RGBM_ENCODING UNITY_METAL_SHADOWS_USE_POINT_FILTERING UNITY_NO_DXT5nm UNITY_NO_FULL_STANDARD_SHADER UNITY_NO_SCREENSPACE_SHADOWS UNITY_PBS_USE_BRDF2 UNITY_PBS_USE_BRDF3 UNITY_PRETRANSFORM_TO_DISPLAY_ORIENTATION UNITY_UNIFIED_SHADER_PRECISION_MODEL UNITY_VIRTUAL_TEXTURING
Shader error in 'Unlit/Tracer': unrecognized identifier 'V2F_SHADOW_CASTER' at line 95 (on d3d11)

Compiling Subshader: 0, Pass: <Unnamed Pass 1>, Vertex program with <no keywords>
Platform defines: SHADER_API_DESKTOP UNITY_COLORSPACE_GAMMA UNITY_ENABLE_DETAIL_NORMALMAP UNITY_ENABLE_REFLECTION_BUFFERS UNITY_LIGHTMAP_FULL_HDR UNITY_LIGHT_PROBE_PROXY_VOLUME UNITY_PASS_SHADOWCASTER UNITY_PBS_USE_BRDF1 UNITY_SPECCUBE_BLENDING UNITY_SPECCUBE_BOX_PROJECTION UNITY_USE_DITHER_MASK_FOR_ALPHABLENDED_SHADOWS
Disabled keywords: SHADER_API_GLES30 UNITY_ASTC_NORMALMAP_ENCODING UNITY_ENABLE_NATIVE_SHADOW_LOOKUPS UNITY_FRAMEBUFFER_FETCH_AVAILABLE UNITY_HALF_PRECISION_FRAGMENT_SHADER_REGISTERS UNITY_HARDWARE_TIER1 UNITY_HARDWARE_TIER2 UNITY_HARDWARE_TIER3 UNITY_LIGHTMAP_DLDR_ENCODING UNITY_LIGHTMAP_RGBM_ENCODING UNITY_METAL_SHADOWS_USE_POINT_FILTERING UNITY_NO_DXT5nm UNITY_NO_FULL_STANDARD_SHADER UNITY_NO_SCREENSPACE_SHADOWS UNITY_PBS_USE_BRDF2 UNITY_PBS_USE_BRDF3 UNITY_PRETRANSFORM_TO_DISPLAY_ORIENTATION UNITY_UNIFIED_SHADER_PRECISION_MODEL UNITY_VIRTUAL_TEXTURING
 -> (artifact id: '38b7ba027b48fa812f870cda9eaa1bce') in 0.041725 seconds 
